Iteration	Posterior	Likelihood	Prior	r14	r23	r32	r33	r38	r39	r42	r45	r48	r5	r51	r53	r56	r60	r62	r63
0	-29.5145	-66.5914	37.0769	0.03670437	0.04591032	0.06239735	0.03281773	0.02347483	0.03038494	0.02764734	0.08988699	0.02972271	0.001056776	0.01308061	0.05688284	0.08765484	0.0007750115	0.001358108	0.002988544
100	-28.4064	-65.5741	37.1677	0.0345844	0.009751563	0.1008958	0.02902596	0.01605303	0.03445321	0.04441619	0.0858238	0.05161405	0.002370212	0.009406056	0.04643799	0.06963296	0.0003091221	0.003202776	0.0002239042
200	-26.3575	-66.678	40.3205	0.02251896	0.03363472	0.03535642	0.0186682	0.06756024	0.04079165	0.003568027	0.03565044	0.02587262	2.937642e-05	0.01426745	0.0230217	0.05565326	0.0009176759	0.002135972	0.0009138367
300	-28.8448	-61.5915	32.7468	0.1893481	0.03424335	0.1072184	0.0110534	0.05051346	0.08768963	0.009959137	0.1067314	0.006928946	0.0003382714	0.003721274	0.02750953	0.1197874	0.0003623137	0.003635341	0.0002064066
400	-19.7774	-61.8415	42.0641	0.03105509	0.007736285	0.008762086	0.01458347	0.009191219	0.008313981	0.005392727	0.04174702	0.04510169	0.0006748334	0.04905461	0.0002359	0.06821077	0.000127053	0.00291855	0.0002767723
500	-23.3276	-63.0912	39.7636	0.08937583	0.04608439	0.03199393	0.006428052	0.004593501	0.0411181	0.008349421	0.0325296	0.0584696	0.0001217993	0.01407027	0.04887605	0.02308621	0.0003447746	0.001377811	0.001584428
600	-31.8706	-64.8002	32.9296	0.04645051	0.07119746	0.08584706	0.01480398	0.06457275	0.02080319	0.01534271	0.05547296	0.03737784	0.002148062	0.04616171	0.2514391	0.0355875	0.0003432367	3.992502e-05	0.002517662
700	-22.912	-60.4598	37.5478	0.09494121	0.06689859	0.01101366	0.009166529	0.0578443	0.01182063	0.001966094	0.09582914	0.07450111	0.0006185678	0.05051124	0.01423654	0.02722676	5.327015e-05	0.002454462	0.0001139607
800	-30.5653	-62.4656	31.9003	0.01587128	0.01380272	0.445407	0.006598094	0.004142314	0.03146465	0.01092727	0.06720481	0.03340305	0.001773488	0.006071539	0.09221482	0.06837932	1.310141e-05	0.002700434	0.001596174
900	-27.7278	-62.5343	34.8065	0.06367265	0.08544605	0.1414064	0.03149082	0.02024268	0.003151177	0.00815601	0.08170149	0.007279304	0.0008388652	0.06175839	0.04850522	0.09869988	0.0007822688	0.002319829	0.0008115211
1000	-27.426	-60.6903	33.2643	0.1130613	0.02431992	0.139262	0.003584991	0.0001853392	0.05476228	0.0273357	0.06935907	0.05781137	0.0005195523	0.01606305	0.06542027	0.1567983	0.0001045784	0.003483167	0.001299437
1100	-25.7099	-64.2445	38.5346	0.12657	0.02625449	0.05174746	0.007798189	0.05285184	0.001053673	0.01504232	0.04809972	0.07136372	6.598185e-05	0.005508212	0.01348307	0.04449726	0.0004515772	0.002575855	0.002490612
1200	-28.8348	-64.7206	35.8858	0.02339989	0.004925299	0.1703362	0.002527632	0.006619596	0.01857998	0.001258413	0.0319185	0.1925985	0.001079895	0.03295743	0.03780585	0.07205328	0.001287548	0.003907577	0.001039961
1300	-33.5209	-65.5901	32.0692	0.2185306	0.0630677	0.04097002	0.03646748	0.02616828	0.002345909	0.02590918	0.09519828	0.06902793	0.003517645	0.1126497	0.07111168	0.02499084	0.0002365186	0.001693018	0.001240628
1400	-27.907	-65.6881	37.7811	0.08470497	0.02075983	0.03023369	0.0223187	0.08810332	0.0001663098	0.01011648	0.1189627	0.04385393	0.003529534	0.03145464	0.02809976	0.02404639	7.911109e-06	0.0008300104	0.0003437234
1500	-32.2747	-66.8489	34.5742	0.08826354	0.07718338	0.121561	0.009205951	0.01171406	0.05865118	0.003619315	0.05707197	0.01439507	0.0003189039	0.03342653	0.06548256	0.1223839	0.003423578	0.0006682272	0.0005065639
1600	-25.5722	-64.6685	39.0963	0.01333803	0.07026805	0.02655999	0.01680779	0.00104948	0.04979593	0.007049145	0.1338935	0.006198106	0.0001354031	0.01270966	0.02485982	0.07438324	0.0008137445	0.003859266	4.925182e-05
1700	-30.1793	-64.693	34.5138	0.2499327	0.001363738	0.08191593	0.02440879	0.006288382	0.02774746	0.06398139	0.02935631	0.02556135	0.001911508	0.004552823	0.02508777	0.1235194	1.983602e-05	0.001488449	0.003761829
1800	-23.9637	-62.27	38.3063	0.02842887	0.08537595	0.004306757	0.009872803	0.04435414	0.006725045	0.006952948	0.1284982	0.1112339	0.002611933	0.0005736665	0.01719106	0.03261767	1.759818e-05	0.002148541	0.0003626339
1900	-31.1886	-63.0099	31.8213	0.05908392	0.08963917	0.195107	0.01475768	0.01364474	0.03908238	0.03811043	0.08088369	0.04972882	0.0001020311	0.03435926	0.06932186	0.1160842	0.002096459	0.003272115	0.0002490569
2000	-27.29	-59.8921	32.6021	0.1819773	0.01009578	0.2758377	0.02109777	0.03232212	0.01166928	0.02938991	0.05779213	0.03390132	0.000109803	0.0006548927	0.06170165	0.04775305	5.875591e-05	0.001785372	0.0003335934
2100	-26.4346	-59.0918	32.6572	0.1422821	0.02022904	0.2041786	0.006457459	0.01666392	0.003522047	0.01428438	0.1084293	0.08357346	9.581574e-05	0.002181957	0.06632511	0.09205359	8.996603e-05	0.002756161	0.0006050504
2200	-28.8625	-65.956	37.0935	0.1326955	0.01488858	0.04196188	0.01224387	5.406828e-05	0.008146776	0.02905977	0.0343131	0.004547663	0.005680198	0.005811364	0.1512575	0.0979241	0.0003226591	0.0007748452	0.002228866
2300	-25.1291	-62.0211	36.892	0.06473195	0.09395105	0.001978236	0.02244805	0.02052395	0.03445598	0.006833017	0.05452106	0.02602173	0.001298029	0.00839122	0.152018	0.06134999	0.0002093561	0.002768095	0.0004867718
2400	-30.6897	-60.9814	30.2917	0.3247263	0.01220693	0.07787262	0.01356095	0.096486	0.003068503	0.02719242	0.09347857	0.04469696	0.0001189345	0.03470985	0.1424119	0.008765198	0.0004352089	0.001310757	0.0009595483
2500	-31.8746	-72.6861	40.8115	0.007661907	0.008795961	0.06306297	0.03070401	0.01052319	0.02724002	0.04182341	0.01232942	0.07485666	0.003403134	0.007454651	0.02596486	0.03809776	0.001055752	0.0008650528	0.002173595
2600	-25.5045	-63.5093	38.0049	0.1378602	0.03046812	0.02201311	0.03084085	0.01311127	0.07235742	0.003977891	0.02606968	0.02857452	0.0006222226	0.003352279	0.08423805	0.04047762	0.0003904893	0.0007257997	0.00126292
2700	-23.9038	-61.778	37.8741	0.03041478	0.004526745	0.1629817	0.006475818	0.006079238	0.006198477	0.003360716	0.02520642	0.08685677	3.196401e-05	0.05793534	0.01919986	0.08872258	0.0005145956	0.00400542	0.0003697106
2800	-23.1246	-62.1941	39.0695	0.02242685	0.01529639	0.02993147	0.0008531297	0.01158473	0.05749962	0.006319097	0.02585675	0.08564778	0.0002149227	0.005513844	0.1110507	0.0689379	2.065207e-05	0.001452642	0.0005068693
2900	-26.2563	-61.7422	35.4859	0.006598422	0.1042565	0.1861457	0.002294253	0.008473019	0.005335042	0.003437152	0.03203322	0.05882233	0.0006718772	0.02704789	0.02170263	0.1602425	0.0003840176	0.001944054	0.002902962
3000	-22.3448	-60.1769	37.8321	0.08778018	0.071291	0.1288951	0.01149123	0.01121038	0.001776277	0.002237567	0.0703634	0.03789518	0.0001188773	0.02141299	0.03925358	0.01767763	0.0002779095	0.002418112	0.0008811111
3100	-27.9221	-63.8465	35.9244	0.004732241	0.1775934	0.1741925	0.003900826	0.04751222	0.01355426	0.0009817133	0.04342719	0.02721428	0.000364961	0.008755174	0.09030837	0.00312675	0.001011919	0.001591483	0.002100348
3200	-32.9239	-67.7243	34.8004	0.08152083	0.03278548	0.1838359	0.07405956	0.02008904	0.005873007	0.003940609	0.05056894	0.07859084	0.001448641	0.05976327	0.02520447	0.03231435	0.0009474757	0.004846876	0.0007754472
3300	-28.2281	-65.6536	37.4255	0.0729454	0.002832032	0.0226745	0.009750822	0.04486224	0.01474555	0.007154578	0.1486753	0.05660346	0.001730323	0.04061593	0.08822166	0.009289577	4.420723e-05	0.004844379	0.000320689
3400	-34.2556	-65.6763	31.4207	0.116392	0.03170709	0.1377978	0.01750272	0.06639647	0.04632073	0.002550844	0.0451977	0.1327975	0.00234224	0.008378035	0.1133555	0.09751274	0.001052262	0.002433239	0.003815771
3500	-36.4118	-72.1766	35.7648	0.004277955	0.0013003	0.0195136	0.02249848	0.003011088	0.07532805	0.01383801	0.2064446	0.01271545	0.004712491	0.03636045	0.01427185	0.188449	0.0006407573	0.004870605	0.0001109141
3600	-26.4846	-61.8641	35.3795	0.1135597	0.09587783	0.009936364	0.03053105	0.003176129	0.00949243	0.01656637	0.04398188	0.1197044	6.508107e-05	0.005211579	0.1341258	0.03997857	0.0002024421	0.004959602	0.0002422426
3700	-32.5054	-63.1948	30.6894	0.1581505	0.0890412	0.009613133	0.01388948	0.001847898	0.003908317	0.0296876	0.1292482	0.1875037	0.001955164	0.1060971	0.03104857	0.09748397	9.564818e-06	0.002286024	0.0003455748
3800	-28.6093	-63.1704	34.5612	0.1048698	0.124351	0.01378825	0.01189182	0.01421336	0.004905939	0.01884238	0.1163911	0.03188755	0.0001615849	0.06123623	0.1082569	0.05351855	1.155881e-05	0.001641131	0.002560313
3900	-28.8217	-65.0739	36.2523	0.02808559	0.05058338	0.0367767	0.0007884388	0.08918997	0.004677021	0.01948661	0.07248411	0.1660143	0.001075801	0.01570819	0.03629147	0.05738882	0.0001378494	0.004048131	0.001236894
4000	-24.6073	-60.7321	36.1248	0.1303444	0.05458449	0.0884472	0.005543015	0.009230391	0.01349886	0.01790712	0.07637773	0.03344006	0.00028009	0.001669398	0.04314219	0.1110654	0.0004281319	0.003104743	0.001283525
4100	-28.0853	-64.4524	36.3671	0.04847926	0.2004121	0.0007234991	0.01121121	0.02724745	0.03950726	0.006588075	0.1070361	0.01201516	0.001769548	0.009333974	0.0542822	0.0555814	0.0001146538	0.001046421	0.002884574
4200	-34.9147	-65.8645	30.9499	0.001438177	0.1330631	0.1190256	0.01653758	0.01373027	0.03265361	0.006507174	0.03694744	0.1711323	0.00120335	0.112075	0.1161894	0.08245719	0.0004057151	0.002178972	0.003547424
4300	-30.3078	-66.4624	36.1546	0.06749682	0.01042778	0.01447425	0.006978595	0.07333965	0.06735663	0.0442596	0.0782465	0.05828212	0.0002995453	0.009621668	0.1360067	0.01893137	0.0007525805	0.002330036	5.321491e-05
4400	-22.2372	-63.3052	41.068	0.02729783	0.03499746	0.01144631	0.01877516	0.01793523	0.01801249	0.008284996	0.01234637	0.06410142	0.003575475	0.01037096	0.1047562	0.008513052	1.323356e-05	0.001671436	0.001087843
4500	-27.9044	-63.7568	35.8525	0.06883758	0.04394663	0.04149656	0.02224786	0.0262626	0.009596649	0.0692993	0.05633851	0.005724499	0.0004859817	0.02964129	0.1024864	0.1257496	2.600782e-05	0.0008588401	0.0009634388
4600	-26.5261	-64.4732	37.947	0.0377893	0.08826778	0.177386	0.003359135	0.0009226219	0.01164065	0.006054204	0.07066255	0.07000944	0.001718932	0.009306586	0.01286247	0.004539014	0.001377959	0.003254804	8.191922e-05
4700	-28.0158	-64.8301	36.8143	0.001336195	0.03737308	0.1168855	0.004888819	0.04643172	0.01102014	0.004724515	0.06724906	0.06842742	0.001777005	0.006419811	0.03083757	0.150831	7.696566e-05	0.005461392	0.002131634
4800	-29.132	-61.8144	32.6825	0.03780604	0.2196326	0.01732765	0.005463629	0.03648782	0.009394557	0.03235913	0.1035421	0.03702956	0.0002721156	0.006556658	0.2178468	0.03552964	6.750431e-05	0.002213306	0.0009332529
4900	-25.8092	-60.7141	34.9049	0.063031	0.1443142	0.1522551	0.009125852	0.03249951	0.01379467	0.009149128	0.05247507	0.06577836	0.0004208108	0.006885786	0.04447034	0.05433218	0.0002076032	0.001026049	0.001575023
5000	-29.3703	-61.8544	32.4842	0.0459989	0.005889436	0.1186435	0.003768069	0.007452416	0.006372703	0.02375649	0.06544029	0.1859644	0.0003146417	0.01128705	0.1636626	0.1293162	0.0002999046	0.002506176	0.001704395
5100	-27.2952	-63.1956	35.9004	0.004363349	0.1521197	0.08558115	0.008224162	0.01880486	0.007205379	0.01312006	0.03291056	0.009163419	0.0005247321	0.1010304	0.08280838	0.08230798	2.548296e-05	0.002253788	0.001120969
5200	-24.3523	-60.7164	36.3641	0.1871298	0.03032642	0.01012107	0.004348321	0.01340631	0.01795456	0.01312159	0.1125198	0.01254407	0.001238851	0.006368115	0.08289627	0.08439764	2.074227e-05	0.001029235	0.0009580905
5300	-28.4993	-63.4866	34.9873	0.01411836	0.04791027	0.1048103	0.009423207	0.02322956	0.01597528	0.009150075	0.120381	0.06319608	0.0005081322	0.01007256	0.07123086	0.1508219	0.0007506658	0.001496465	0.004145929
5400	-28.0956	-66.8364	38.7408	0.008511882	0.02948172	0.08513945	0.04628279	0.03336485	0.08188472	0.0002360887	0.0780691	0.0177885	0.003806516	0.007160845	0.02078972	0.04394049	0.0002480981	0.002046447	0.000793871
5500	-20.7145	-58.6739	37.9594	0.03569092	0.08634242	0.05309992	0.006973449	0.000506013	0.02130185	0.004058009	0.03416754	0.03066714	0.0004747679	0.005068182	0.081312	0.1355282	0.0001596674	0.001349762	0.001913656
5600	-22.666	-64.2588	41.5929	0.03701884	0.005520118	0.00219269	0.0393049	0.001920265	0.02403193	0.001930577	0.02268525	0.04784327	0.002343885	0.02919312	0.07477605	0.02516689	7.905483e-05	0.001437691	0.001498683
5700	-24.1699	-63.9863	39.8164	0.0067584	0.0862695	0.001642536	0.02772517	0.001905101	0.02254835	0.001857341	0.01141415	0.05576423	0.001008515	0.002100371	0.09047258	0.09285893	0.0004266432	0.002489224	0.0005264085
5800	-38.9995	-66.8983	27.8988	0.1244942	0.07410611	0.01909373	0.04836244	0.0214135	0.1101745	0.01986518	0.1131057	0.1044754	0.002938815	0.01191465	0.2417519	0.1044476	0.0002335888	0.003607549	0.001663064
5900	-32.1412	-65.6468	33.5056	0.08734366	0.03244545	0.002799293	0.01625201	0.08919738	0.1075972	0.02101516	0.192013	0.01521293	0.001800345	0.02863281	0.005516556	0.1180557	0.0002322193	0.003158314	3.30051e-05
6000	-27.3132	-65.6609	38.3478	0.04006013	0.002465675	0.09250386	0.005828429	0.007929362	0.01137678	0.003853519	0.07965116	0.07927012	0.0005219744	0.07469628	0.03437312	0.04054071	0.001044682	0.004098093	0.0009833463
6100	-33.8604	-63.3702	29.5098	0.1271033	0.1033567	0.1079086	0.001129749	0.1159895	0.07192373	0.01136127	0.08534805	0.02041742	0.0004299783	0.03789755	0.1300193	0.1047141	0.0002487837	0.002341463	0.0009073491
6200	-32.2264	-63.7379	31.5114	0.1736627	0.0557937	0.3225628	0.03265754	0.05218091	0.001509428	0.01583478	0.04667126	0.03564462	0.001863948	0.02178667	0.01831075	0.03830494	0.001077658	0.002430602	0.0007219097
6300	-29.6352	-63.545	33.9098	0.0213227	0.04876866	0.02683139	0.007956072	0.1057348	0.01201542	0.001426677	0.2274875	0.02909708	0.0008175766	0.08216414	0.06990585	0.06393184	0.0005434988	0.002798577	0.0002929875
6400	-24.7306	-61.8925	37.1618	0.05955572	0.06964763	0.1263959	0.007080346	0.004183805	0.01565005	0.003520591	0.03003907	0.03957243	0.001543118	0.07096118	0.04442104	0.06286226	0.000255384	0.002578241	0.0002271697
6500	-30.1753	-64.5977	34.4225	0.05896029	0.06389668	0.04741737	0.039864	0.03392595	0.03684249	0.0001511339	0.06928799	0.06155134	0.0002325894	0.04763156	0.05768112	0.152524	0.0006478242	0.002488528	0.002360257
6600	-33.9876	-65.7808	31.7932	0.01640559	0.02116386	0.09610335	0.006956818	0.01617711	0.002557451	0.00948079	0.14139	0.1332838	0.001998792	0.05595387	0.1344036	0.1677357	0.000830987	0.001183494	0.001301794
6700	-31.5435	-66.8508	35.3073	0.1364337	0.1043907	0.1692423	0.008693616	0.02796635	0.002578894	0.002141675	0.02953586	0.08348089	0.002205926	0.008373098	0.04330352	0.004295092	0.0002108459	0.007103304	0.001267006
6800	-28.6642	-63.6294	34.9652	0.1392202	0.1008734	0.06256123	0.04141883	0.002753836	0.05653951	0.00399319	0.01804107	0.03438488	0.0008804257	0.01099635	0.1479208	0.02493845	0.000912283	0.001927179	0.0009632659
6900	-24.3923	-61.996	37.6037	0.04556473	0.0469072	0.05496266	0.00907526	0.00438283	0.006171187	0.000864535	0.02945267	0.02789122	0.001438102	0.0206563	0.1121666	0.1521129	0.0001938964	0.00294067	0.001622122
7000	-29.797	-65.7935	35.9965	0.1288244	0.001303724	0.08891576	0.07114679	0.001144371	0.04479987	0.01394746	0.1114175	0.06534296	0.0002281264	0.02410889	0.002394947	0.04092971	7.692222e-05	0.001928009	0.0002499864
7100	-25.3264	-60.1384	34.812	0.09754935	0.04622492	0.04686771	0.01266648	0.02317288	0.07828597	0.002964367	0.08171751	0.006405048	0.0006158373	0.02402917	0.07146592	0.1606429	3.173038e-05	0.002582745	0.0007632795
7200	-22.7884	-59.7748	36.9865	0.05034544	0.04950109	0.1044653	0.006094368	0.04924814	0.009829437	0.003729971	0.154675	0.06160551	0.000306255	0.001752186	0.002692575	0.04963908	0.0002268755	0.002888237	0.0002624441
7300	-28.3791	-62.9475	34.5683	0.01248407	0.009607776	0.231686	0.01665695	0.05203291	0.02431861	0.001446832	0.08459128	0.08167256	0.002320177	0.01771007	0.07896304	0.05025605	7.848476e-05	0.00296797	0.001376213
7400	-31.7118	-63.1914	31.4797	0.1719143	0.05079597	0.07208616	0.05030935	0.02416432	0.02813117	0.03442525	0.06390011	0.01855752	0.0007038046	0.06391152	0.04913413	0.1924873	7.578094e-05	0.001760649	0.0002443839
7500	-23.6593	-62.2695	38.6102	0.04700186	0.123875	0.03853248	0.01222406	0.04449575	0.01562814	0.01097219	0.05878804	0.06103653	0.0002217139	0.02168074	0.01447711	0.01412763	0.0001463936	0.002199614	0.0006696907
7600	-26.7881	-63.7992	37.0111	0.08362547	0.04266839	0.007384007	0.03810357	0.03219555	0.02330717	0.01871987	0.08280174	0.03571378	0.00102087	0.02162938	0.06110333	0.09322476	2.752676e-05	0.002454065	0.002052955
7700	-23.6185	-63.6919	40.0734	0.01822306	0.0307116	0.06523504	0.01324897	0.008094903	0.02274874	0.01253461	0.08551064	0.02222338	3.779837e-05	0.02385913	0.07544436	0.01241032	0.0006700567	0.001034876	0.0009275668
7800	-26.5244	-61.6709	35.1465	0.06072526	0.01342997	0.002709504	0.01513903	0.1616945	0.01365181	0.01641342	0.1390174	0.03759536	0.000428883	0.006793147	0.07429752	0.09507404	6.672425e-05	0.001436547	0.0007900976
7900	-27.4133	-63.3893	35.976	0.04901799	0.01535619	0.07178145	0.01665086	0.008882332	0.06944194	0.02775289	0.0720669	0.03010668	0.001253301	0.01035159	0.1831997	0.03886464	0.0007534364	0.002072445	0.000234755
8000	-31.186	-65.8827	34.6967	0.0098395	0.04719811	0.09674399	0.015	0.03981809	0.006811679	0.04619687	0.1597614	0.04882998	0.001410194	0.002360605	0.0283982	0.1549569	0.0006678945	0.003257764	0.000501414
8100	-27.9723	-66.3475	38.3752	0.1346731	0.005552989	0.01344899	0.03478265	0.008292892	0.03965142	0.02777619	0.03442927	0.06948314	0.002715705	0.006822446	0.02043316	0.07506656	5.339425e-05	0.00240192	0.002241198
8200	-28.7129	-63.7317	35.0188	0.0589186	0.137482	0.01840801	0.002454103	0.05486947	0.004114895	0.01955447	0.05870553	0.03090731	0.0009573378	0.05161802	0.03182714	0.1735361	1.107373e-05	0.0008953033	0.001387766
8300	-25.9095	-61.1372	35.2277	0.1524852	0.03284372	0.07098557	0.02768552	0.001411689	0.005981403	0.007571258	0.05082207	0.03527414	0.001838288	0.03354873	0.1171256	0.09489014	0.0003855485	0.001820964	0.0005290853
8400	-23.4373	-62.0671	38.6298	0.001457322	0.05100009	0.01862031	0.006694166	0.008027737	0.004336908	0.01020775	0.08524381	0.01853168	7.636504e-05	0.0923733	0.07236706	0.09345385	0.0003027711	0.001707497	0.0006927091
8500	-21.7542	-60.5576	38.8035	0.003778614	0.01799272	0.162993	0.005121946	0.02096938	0.02898118	0.01085911	0.08230116	0.01472301	5.442338e-05	0.00325466	0.008333473	0.09476262	0.000326534	0.001353266	0.0006075642
8600	-31.1126	-62.7765	31.6638	0.1042514	0.1022902	0.01855108	0.0170934	0.007051205	0.0333802	0.01438156	0.02106931	0.01426161	0.0005665195	0.08312018	0.3796715	0.01602288	0.0002096874	0.0004946584	0.0009784447
8700	-29.1124	-66.4611	37.3487	0.05820064	0.02551742	0.08677775	0.07238422	0.03366397	0.02187005	0.006373636	0.0849409	0.005162844	0.0007603055	0.02241636	0.06544178	0.04177035	0.0008265646	0.001906222	0.001140135
8800	-22.8642	-62.3146	39.4504	0.06053103	0.05851087	0.05667133	0.02459049	0.02330904	0.003041166	0.02461357	0.1054459	0.04285768	0.0006076543	0.0004956769	0.003015439	0.01729929	0.0003373861	0.00244114	0.0002974226
8900	-28.2845	-65.2586	36.9742	0.01692609	0.02553711	0.1155733	0.02510312	0.02053152	0.01369653	0.000998827	0.0812268	0.02059753	0.005181205	0.04550226	0.06907573	0.1055407	0.0002316431	0.0009977641	0.001157981
9000	-27.1745	-63.5362	36.3617	0.103759	0.09024573	0.01165172	0.01943502	0.006620937	0.008294453	0.009710062	0.00764159	0.07990871	0.005014263	0.01436492	0.1281242	0.08962594	2.237048e-05	0.001140886	0.002939589
9100	-21.2812	-61.2194	39.9382	0.00836877	0.06008581	0.02066286	0.02531219	0.005886732	0.04163573	0.007208545	0.1234596	0.01632188	0.0002071351	0.02450014	0.02611731	0.03778677	2.177953e-05	0.002056896	4.298526e-05
9200	-30.5182	-64.7123	34.1941	0.01630716	0.01764417	0.1512732	0.007934261	0.03037383	0.007666569	0.009565655	0.1244416	0.1502572	0.002198536	0.1119252	0.008094117	0.04499503	0.000887723	0.003198161	0.0001201709
9300	-30.4419	-62.4722	32.0303	0.2004508	0.05956847	0.02557544	0.04057513	0.01665811	0.01255877	0.05073141	0.02856462	0.1073904	0.0008603474	0.004570126	0.07994174	0.1640987	2.146643e-05	0.00138509	0.002122674
9400	-28.5577	-65.0483	36.4906	0.00385492	0.02939276	0.01183685	0.02724578	0.09549558	0.05329697	0.01138973	0.05317939	0.02803339	0.0004157791	0.009721476	0.1504221	0.094839	0.0003424313	0.0004812666	0.002108169
9500	-34.2808	-62.4326	28.1518	0.2389384	0.0003120053	0.05395059	0.0273278	0.03957047	0.00829368	0.005677636	0.2338751	0.1364023	2.091624e-05	0.006058821	0.1678555	0.06807288	7.989385e-05	0.0009974387	0.001562813
9600	-25.1823	-63.7366	38.5543	0.08391242	0.002068107	0.1085387	0.02506519	0.009693511	0.008658514	0.02108736	0.06479718	0.05285471	0.002086198	0.02525553	0.02524813	0.03526455	0.0002342661	0.003524864	0.0005817401
9700	-30.7442	-62.1353	31.3912	0.1683124	0.03490845	0.05054454	0.009846144	0.03273277	0.03973725	0.008461655	0.07595261	0.06482455	0.0002868449	0.03086006	0.261394	0.04434604	2.773376e-05	0.002222402	0.002570442
9800	-27.0792	-63.7758	36.6966	0.05122211	0.02060506	0.07257388	0.01291694	0.02183617	0.077605	0.01993427	0.0983074	0.05895103	0.0007438475	0.01692822	0.05759821	0.04892159	0.000562428	0.002549121	0.0004989345
9900	-27.634	-64.7939	37.16	0.0529994	0.02172215	0.1636937	0.004437408	0.009582784	0.03690706	0.04727802	0.04346245	0.04278217	0.001203879	0.00430617	0.06699339	0.0396775	0.001559722	0.001087775	0.0008939833
10000	-30.3622	-64.4554	34.0932	0.1492593	0.01303157	0.02762988	0.005720952	0.09165123	0.01849723	0.02956373	0.1105515	0.0571422	0.003804381	0.004704575	0.03867057	0.1379191	0.000193004	0.003168027	0.000420155
