Iteration	Posterior	Likelihood	Prior	r14	r23	r32	r33	r38	r39	r42	r45	r48	r5	r51	r53	r56	r60	r62	r63
0	-239.413	-269.573	30.1593	0.154124	0.2086782	0.1530605	0.004497938	0.04443433	0.001265809	0.006178812	0.01164778	0.001296944	0.1316738	0.006893439	0.02255679	0.07878369	0.007583694	0.002307757	0.05363548
100	-246.624	-264.893	18.269	0.3095729	0.07299395	0.174656	0.005300897	0.0222038	0.001447229	0.0114049	0.004028681	0.001321314	0.6417916	7.535052e-05	0.01668573	0.1268915	0.002114629	0.009770345	0.08287515
200	-238.69	-263.844	25.1541	0.1770892	0.1944428	0.1453141	0.0004847811	0.0478892	0.009625705	0.0002403702	0.02076822	0.001737971	0.1382823	0.01050441	0.001399237	0.2286833	0.004814091	0.002144599	0.1554613
300	-238.916	-261.87	22.9543	0.07491957	0.3108054	0.3052345	0.001252796	0.03285712	0.008471499	0.002020406	0.01404054	0.003040944	0.1477521	0.0006009206	0.000254121	0.1942165	0.006361843	0.006571591	0.1404721
400	-239.393	-271.472	32.0785	0.1614965	0.07269446	0.005974639	0.002126307	0.02651312	0.008685011	0.001736639	0.01196306	0.001563846	0.1414748	0.02108283	0.008015353	0.226395	0.00289539	0.0009296375	0.09911454
500	-242.465	-265.687	23.2219	0.1966595	0.2494168	0.06950817	0.00701973	0.02168819	0.004861541	0.0009205856	0.01010909	0.004272432	0.1766337	0.005381242	0.004733021	0.2841228	0.004924277	0.007848468	0.1873905
600	-240.375	-268.005	27.6295	0.1869982	0.2194955	0.08860435	0.004768313	0.0367393	0.006742477	0.0003752299	0.02516482	0.001469756	0.1864379	0.01379163	0.000617926	0.1358492	0.006201125	0.001474083	0.1003799
700	-245.974	-265.967	19.9924	0.2993967	0.1320644	0.09015932	0.004973753	0.04246544	0.00776364	0.006109949	0.01872313	0.00235698	0.4449021	0.006590627	0.005181969	0.2083438	0.001587605	0.0005530314	0.1257918
800	-240.028	-267.481	27.4528	0.1745527	0.1232875	0.1359072	0.001960119	0.01854159	0.004772976	0.007926387	0.01351502	0.0009894565	0.2481942	0.0004934241	0.007772098	0.1309838	0.007194463	0.01205051	0.1358053
900	-238.863	-268.062	29.1999	0.09002562	0.177282	0.1947179	0.004938511	0.03509906	0.002375099	0.004068389	0.01370912	0.002735441	0.1085647	0.001769948	0.007137667	0.1650958	0.01382019	0.006479853	0.1087708
1000	-236.683	-262.629	25.9461	0.1958644	0.1659981	0.2350305	0.001933309	0.03079713	0.001382708	0.0005237914	0.008946901	0.003891011	0.1107497	0.009491708	0.01414623	0.1699475	0.007915882	0.002960746	0.1397019
1100	-242.468	-270.198	27.7302	0.1760069	0.1078809	0.05245265	0.005110709	0.02901593	0.00523226	0.004213739	0.009074679	0.001261577	0.2497399	0.02906973	0.0103772	0.2121101	0.002837797	0.00422548	0.111465
1200	-235.452	-267.048	31.5959	0.1551027	0.04792052	0.1250824	0.0004956298	0.0210188	0.01162572	0.001107097	0.008628726	0.001898627	0.08800208	0.0145799	0.001533535	0.1939724	0.006858307	0.004698348	0.134268
1300	-238.483	-266.264	27.7805	0.06440372	0.1876532	0.1022787	0.00277076	0.03347163	0.004840054	0.003340819	0.0100324	0.001046292	0.1331495	0.005344209	0.008637905	0.2291369	0.006817605	0.009265894	0.2053721
1400	-242.212	-269.254	27.0422	0.08682248	0.126679	0.18322	0.0008018235	0.01877341	0.003037625	0.002714341	0.009017864	0.0003560729	0.05750502	0.01696825	0.00482135	0.3365079	0.01694534	0.006791658	0.1735151
1500	-238.199	-269.236	31.0365	0.1993338	0.06623835	0.1711387	0.0001009633	0.02049173	0.01021435	0.008523349	0.009480696	0.003401079	0.09580859	0.0001299918	0.0008989271	0.1106111	0.007490775	0.01608426	0.1248151
1600	-246.094	-278.289	32.1945	0.140774	0.06544415	0.1164497	0.003504531	0.02749808	0.004041845	0.007962301	0.01900965	0.005100866	0.2039025	0.01471419	0.006020632	0.0876548	0.008524831	0.002629916	0.07362779
1700	-239.386	-268.281	28.895	0.103856	0.07303473	0.1295742	0.005633084	0.02179327	0.01046123	0.005309523	0.008053397	0.0008749838	0.1852328	0.0005911476	0.005595184	0.1904999	0.002221729	0.01208972	0.1970174
1800	-237.175	-266.786	29.6109	0.1555745	0.1233535	0.1816542	0.0009512897	0.0338963	0.004517767	0.006288447	0.01523197	0.001469869	0.1169342	0.005312503	0.005464984	0.1589179	0.01165488	0.007179504	0.08763922
1900	-241.422	-264.515	23.0933	0.1798669	0.2429426	0.1464252	0.01191472	0.02992929	0.0009549683	0.002840079	0.008278024	0.002836205	0.4298351	0.004193751	0.009844679	0.09577093	0.008509037	0.008960975	0.05881937
2000	-239.976	-264.704	24.7279	0.1204523	0.2950868	0.2283827	0.0008173181	0.0277828	0.006552573	0.002510742	0.007738691	0.0005799867	0.3140558	0.004536204	0.009544429	0.07628979	0.005607273	0.01417428	0.04607671
2100	-235.642	-264.439	28.7977	0.09536694	0.2552645	0.07882201	0.003361329	0.02465671	0.00565239	0.0001806912	0.01034505	0.002277665	0.1330656	0.02472141	0.00286986	0.172982	0.009644014	0.002661229	0.1348271
2200	-244.32	-268.398	24.0774	0.3270128	0.1490754	0.06011682	0.01093453	0.03762435	0.002260797	0.005639661	0.01282657	0.0005906601	0.2177543	0.01258659	0.01532624	0.2055866	0.004143174	0.003835671	0.1274035
2300	-240.309	-264.675	24.3653	0.1746663	0.2523181	0.1828167	0.004886548	0.03285411	0.004334903	0.006898895	0.008254242	0.0004615198	0.1308953	0.009052257	0.007755871	0.2043285	0.000354284	0.004082158	0.1543622
2400	-240.09	-261.646	21.556	0.114462	0.2491902	0.1754707	0.0001973096	0.02504982	0.006775933	0.001966619	0.01111986	0.001557612	0.2315913	0.0003863135	0.0141634	0.2964199	0.003058406	0.008379677	0.1789971
2500	-235.279	-262.715	27.4366	0.2303025	0.05721641	0.1057905	0.004642939	0.02656886	0.002893052	0.005856416	0.01037931	0.0007726621	0.1273467	0.002198274	0.009585698	0.2550363	0.001146137	0.009698506	0.1753213
2600	-238.205	-262.977	24.7715	0.1440086	0.1585048	0.2367287	0.002911403	0.02372373	0.003997855	0.003305115	0.008833144	0.0007838814	0.1895037	0.008700578	0.003856001	0.2321295	0.005052587	0.009892534	0.1260809
2700	-248.426	-279.061	30.6355	0.1745154	0.1092238	0.1343797	0.002556199	0.0398044	0.0004238119	0.005037422	0.008551958	0.003842902	0.1270076	0.00549479	0.04217405	0.1449673	0.01087547	0.001525599	0.0544309
2800	-241.089	-263.416	22.3268	0.2369283	0.1844266	0.3808972	2.208483e-05	0.03043394	0.002035044	0.003417083	0.01277708	0.004197075	0.1102647	0.0007654538	0.00228796	0.1745244	0.01818385	0.0132259	0.1058573
2900	-239.467	-263.217	23.7505	0.2880164	0.3365834	0.1280332	0.005366961	0.0223482	0.002579987	0.003040404	0.0111087	0.001100805	0.1231581	0.01708292	0.01352885	0.1553375	1.134122e-05	0.003305729	0.09846026
3000	-241.417	-264.087	22.6699	0.2821979	0.3003857	0.1965728	0.004418919	0.02609886	0.0007505494	0.001888814	0.01082738	0.00115735	0.1466801	0.01281112	0.0132912	0.1495435	0.01143013	0.008533086	0.09650273
3100	-247.561	-263.515	15.9548	0.273817	0.1324733	0.2736995	0.006906409	0.03635336	0.006876637	0.003189978	0.01525329	0.002723152	0.234773	0.002686135	0.002971214	0.3493537	0.003120149	0.009131087	0.245518
3200	-243.04	-269.125	26.0858	0.2983176	0.09444608	0.1679709	0.001591021	0.0224646	0.007157168	0.007929758	0.0105316	0.001040523	0.2087359	0.001981679	0.01147202	0.120065	0.02406114	0.01252181	0.1020091
3300	-237.159	-264.282	27.1228	0.1820622	0.1852946	0.2231625	0.002228489	0.02286686	0.004505267	0.0002076668	0.009288189	0.003153176	0.04898644	0.0131867	0.01260106	0.1873547	0.002621079	0.01036283	0.1325638
3400	-238.747	-267.396	28.6481	0.1241244	0.1452537	0.06877999	0.002474393	0.03028902	0.004203257	0.003873824	0.008301695	0.0006658869	0.1596056	0.002013856	0.002763393	0.2449439	0.009050571	0.008617821	0.1492179
3500	-243.679	-273.641	29.9622	0.08434482	0.1807766	0.2396268	0.01120935	0.02225368	0.004328797	0.00477259	0.00415364	0.00108157	0.1762131	0.0096874	0.01054342	0.0793962	0.01778116	0.008884243	0.04342046
3600	-238.509	-260.962	22.453	0.3098955	0.373794	0.2235255	0.0004475275	0.02406878	0.005155147	0.002241861	0.009232163	0.00290537	0.08997177	0.01166749	0.0005677651	0.1105529	0.01907266	0.005167589	0.0856702
3700	-242.625	-267.426	24.8015	0.2054305	0.1490204	0.3377263	0.001356272	0.0227242	0.01154113	0.006658251	0.006201542	0.003159239	0.1076118	0.0123999	0.002995279	0.1512684	0.004546592	0.000888454	0.1329833
3800	-237.646	-265.349	27.7031	0.1193164	0.1332455	0.1998192	0.0005498145	0.01957352	0.01290975	0.005194782	0.007970406	0.002117329	0.1111805	0.001570953	0.002869162	0.1973733	0.005274371	0.006745802	0.1857186
3900	-237.608	-263.331	25.7231	0.08899049	0.2419273	0.2174826	0.0004625855	0.03062812	0.003648443	0.001218901	0.01097312	0.002090203	0.06266248	0.01181119	0.008480035	0.2521205	0.01400829	0.0102746	0.1536512
4000	-241.616	-266.479	24.8634	0.1062817	0.2820445	0.2842867	0.001812729	0.0242476	0.008959789	0.002549127	0.01445707	0.0008734855	0.118636	0.03500047	0.0006898437	0.1566632	0.01890451	0.001918508	0.09609252
4100	-249.171	-276.348	27.1771	0.3828364	0.1274257	0.2657966	0.007160271	0.02674983	0.001231462	0.01729281	0.009899606	0.004810385	0.1225986	0.003575525	0.01872298	0.01616864	0.005584739	0.001764165	0.02611177
4200	-240.679	-267.848	27.169	0.09326136	0.2323359	0.2276527	0.001444422	0.04124201	0.00367565	0.003712018	0.01255747	0.001203342	0.1542562	0.01207342	0.005767878	0.1124217	0.01626902	0.01060409	0.1096599
4300	-246.699	-269.775	23.0759	0.2850504	0.162997	0.4490443	0.0003077751	0.02910948	0.007818475	0.01564285	0.01598298	0.002393548	0.1161918	0.004201269	0.007800154	0.0815745	0.02486818	0.002033675	0.03777212
4400	-243.795	-269.532	25.7362	0.1122166	0.2843008	0.1255489	0.003511318	0.02401672	0.0006290942	0.00536453	0.007053887	0.00196441	0.2183488	0.00442526	0.01987654	0.1907384	0.008864346	0.006908533	0.09600814
4500	-236.958	-265.122	28.1637	0.2369858	0.2891425	0.05661927	0.001530194	0.03236067	0.00945311	2.676278e-05	0.014125	0.0006908883	0.1778264	0.02862616	0.003537211	0.08634405	0.006201934	0.004442383	0.04048913
4600	-240.04	-266.672	26.6326	0.1920046	0.2177266	0.210577	0.0007519253	0.0290712	0.002509267	0.009750938	0.01323799	0.00191741	0.1415569	0.004185648	0.002690954	0.1024595	0.01793156	0.01285962	0.1057263
4700	-241.036	-262.411	21.3753	0.2232979	0.1619438	0.3044528	0.0008210222	0.02839746	0.007782982	0.003264312	0.007363182	5.30246e-05	0.1515265	0.004230457	0.001136422	0.2089587	0.01311749	0.008209684	0.2032659
4800	-240.103	-267.518	27.4147	0.2605916	0.2147315	0.140489	0.006950549	0.02738366	0.006507935	0.005767951	0.007223716	0.00232926	0.1592856	0.003821051	0.005947731	0.1141022	0.00681235	0.00762422	0.05628437
4900	-237.359	-263.666	26.3068	0.1579166	0.1885214	0.116504	0.0005234559	0.04161882	0.003738167	0.002463023	0.01788366	0.003315245	0.2022324	0.001359649	0.007239448	0.1823794	0.005102366	0.007896887	0.1425496
5000	-240.626	-268.206	27.5795	0.04583997	0.2793259	0.1960206	0.00142345	0.03362588	0.004325103	0.003523817	0.018727	0.002057844	0.1498826	0.001035672	0.001577545	0.1380673	0.01044711	0.01609908	0.1156332
5100	-239.894	-270.219	30.3253	0.130885	0.1281357	0.2544144	0.0005320428	0.02504416	0.004298317	0.009852151	0.01161649	0.001267704	0.1749993	0.004962022	0.008578358	0.05712873	0.02168957	0.0121756	0.03474364
5200	-238.757	-265.133	26.3757	0.1273566	0.04236737	0.05330828	0.0003488497	0.02912312	0.005476221	0.0001048209	0.00965506	0.002082029	0.1337884	0.009433139	0.004304299	0.334778	0.003682235	0.01026905	0.3117214
5300	-240.895	-268.549	27.6549	0.2245772	0.0986027	0.107297	0.00987084	0.03845692	0.00282298	0.004550178	0.008986498	0.001781931	0.2535441	0.01260246	0.009801288	0.1216325	0.0005379196	0.01134122	0.1074354
5400	-240.528	-270.257	29.7287	0.1134461	0.1420747	0.1962199	0.003844243	0.02400417	0.009032681	0.004699938	0.01711104	0.001350801	0.2038413	0.004711943	0.004224767	0.09172107	0.008189185	0.01456777	0.07111077
5500	-241.36	-263.672	22.3124	0.4099691	0.08788825	0.1464584	0.005513015	0.0315899	0.0008969129	0.00484158	0.01204072	0.0008835707	0.1794181	0.00281391	0.008212639	0.2183348	0.00130448	0.01486384	0.1559385
5600	-237.568	-268.334	30.7652	0.1513477	0.1705444	0.05118024	0.002204074	0.03097089	0.005439987	0.0003510163	0.009462775	0.006116234	0.1235345	0.01334795	0.0001757322	0.1778218	0.007547217	0.002548973	0.1057348
5700	-240.756	-268.322	27.5656	0.3308408	0.1008739	0.1041976	0.008426216	0.03409957	0.01520764	2.988555e-05	0.01422513	0.001015958	0.2510866	0.01021846	0.002731839	0.09762742	0.004209304	0.002504656	0.04101057
5800	-244.24	-273.846	29.6055	0.09604157	0.2188476	0.1658764	0.0004273014	0.03938848	0.004722764	0.004225311	0.006973273	0.002051669	0.1345156	0.007088434	0.01633367	0.1220181	0.02782518	0.002205389	0.06776789
5900	-241.721	-263.998	22.2764	0.3272343	0.05674625	0.2282299	0.001900565	0.0281736	0.008893154	0.002209813	0.009225819	0.0008037088	0.1073172	0.01337037	0.001987079	0.2564232	0.00532294	0.003951169	0.2309746
6000	-238.881	-266.44	27.5598	0.1480819	0.199297	0.1380435	5.135994e-05	0.02072395	0.002681288	0.0003340607	0.008495024	0.002377894	0.1474097	0.01673278	0.01673157	0.1586846	0.01924161	0.005497224	0.134212
6100	-236.04	-265.812	29.7715	0.2048681	0.1385502	0.08834953	0.005392434	0.02381478	0.008390802	0.001602568	0.009017421	0.003137908	0.2001916	0.01654114	0.0004118047	0.1027392	0.00575563	0.003497817	0.09574935
6200	-243.696	-268.234	24.5381	0.2818252	0.1030518	0.128125	3.216962e-05	0.03480823	0.004475943	0.0003432743	0.0193394	0.002554632	0.1898109	0.006456338	0.004331888	0.1847285	0.02463248	0.002131536	0.1830336
6300	-239.312	-260.96	21.6486	0.1630453	0.1608036	0.07702055	0.001343127	0.03383032	0.005845423	2.137116e-05	0.01373644	0.001650955	0.3311523	0.01455601	0.002090596	0.3094215	0.004210918	0.003069228	0.1923564
6400	-236.54	-262.34	25.7999	0.2262564	0.3319848	0.1893258	0.003730446	0.03045622	0.001144506	0.001716367	0.0118718	0.002051824	0.07469792	0.008287703	0.01173748	0.1093462	9.332771e-05	0.010515	0.09337328
6500	-242.357	-271.82	29.4627	0.06220554	0.1738081	0.1443407	0.003122636	0.02313949	0.007799562	0.001249953	0.01620341	0.001784977	0.1290253	0.0007071102	0.01101477	0.2075286	0.006593364	0.01789437	0.117031
6600	-243.585	-261.866	18.2814	0.2281723	0.4009294	0.1028554	0.01066718	0.03417928	0.003961236	0.0009204466	0.007639931	0.002582891	0.3615818	0.01368599	0.007887737	0.1578191	0.001383035	0.003517884	0.144733
6700	-239.741	-263.916	24.1758	0.2359884	0.2465312	0.02209123	0.003436312	0.02233337	0.01401205	5.522768e-05	0.01239176	0.00136105	0.1973831	0.02158767	0.002575674	0.2225127	0.001892123	0.002117334	0.1815286
6800	-240.382	-269.522	29.1404	0.204517	0.08342712	0.1238605	3.82736e-05	0.02927976	0.005957327	0.006532851	0.01316154	0.006517549	0.09721489	0.006233039	0.006537257	0.1980267	0.00916194	0.001831837	0.1472669
6900	-243.476	-268.873	25.3969	0.1437019	0.1882366	0.4228091	0.001255882	0.02250746	0.004311268	0.01028241	0.01179693	0.001255787	0.143579	0.003725068	0.004625093	0.06552162	0.02018339	0.01463635	0.06831162
7000	-246.228	-273.536	27.3088	0.1723958	0.1344632	0.0759277	0.00810037	0.01979776	0.006964466	0.0004298889	0.008543197	0.005154691	0.1059195	0.005616004	0.01221781	0.2591347	0.008955167	0.003515369	0.2040078
7100	-252.973	-274.751	21.7779	0.1960349	0.2207781	0.06692092	0.005735222	0.03013458	0.002206928	0.002312561	0.007983248	0.006543667	0.1644384	0.01869661	0.005051762	0.4077164	0.009401628	0.002063863	0.1616738
7200	-235.804	-265.578	29.7738	0.112202	0.1568184	0.1889986	0.002065766	0.02913427	0.008940245	0.005013294	0.0129531	0.001280579	0.04107859	0.0004482724	0.001192741	0.1760872	0.01220177	0.006928366	0.1525506
7300	-245.459	-264.736	19.2769	0.1647813	0.2140171	0.2557167	4.716319e-05	0.03300707	0.002912514	0.001075249	0.009683617	0.003682647	0.3114398	0.02855537	0.00787811	0.2045724	0.006963583	0.01065452	0.1777542
7400	-239.62	-264.245	24.625	0.1378209	0.438437	0.1030825	0.00270767	0.02684576	0.009138137	0.002228175	0.009987226	0.0006231137	0.0837084	0.04226299	0.001463595	0.1694639	0.008053144	0.002845825	0.1266659
7500	-235.969	-263.769	27.8	0.08103235	0.2134905	0.07372097	0.003407193	0.02925722	0.001144875	0.003155184	0.01205207	0.00110891	0.2032134	0.001217642	0.02121554	0.2001508	0.0006568549	0.003481381	0.1582831
7600	-240.173	-264.018	23.8451	0.2560075	0.2568581	0.2550839	0.003809023	0.02134406	0.006734988	0.0003915824	0.009620039	0.001838925	0.07451474	0.01794607	0.003448352	0.186863	0.01142168	0.002103219	0.09634513
7700	-248.85	-273.437	24.5869	0.2345532	0.08462974	0.3269462	0.01494916	0.02572346	0.003828986	0.0009302028	0.004048556	0.007734741	0.2023879	0.006791084	0.01412687	0.144682	0.001139819	0.002960179	0.09181086
7800	-243.713	-266.263	22.5504	0.1037991	0.1363936	0.08089369	0.003907234	0.03074067	0.008855154	0.000508026	0.01218757	0.00243368	0.130451	0.01042399	0.003101482	0.4630351	0.0064304	0.007676621	0.2682308
7900	-238.057	-267.225	29.1686	0.1863118	0.1202677	0.07148115	0.00206249	0.02481716	0.009782321	0.002513305	0.009800229	0.002584652	0.238143	0.01596244	0.006092743	0.151736	0.005153401	0.0003717122	0.09107556
8000	-235.316	-262.092	26.7767	0.3219097	0.1299042	0.1113811	0.004865058	0.02182886	0.0009097579	0.004872845	0.008103912	0.001849469	0.2081668	0.001705526	0.0151557	0.1228765	0.0004830948	0.008289423	0.09544905
8100	-244.174	-265.362	21.1888	0.1262968	0.1765697	0.512209	0.005277056	0.02403971	0.006341943	0.00365118	0.007479784	0.004196196	0.1357326	0.009742795	0.003330762	0.165914	0.00755642	0.003325265	0.1454834
8200	-240.735	-268.024	27.2892	0.2309431	0.08816917	0.2375228	0.002336604	0.02770686	0.003968572	0.001173655	0.01095923	0.002403609	0.09083503	0.01634827	0.01037815	0.1452428	0.008294115	0.01180487	0.1440374
8300	-240.101	-264.521	24.42	0.06219335	0.1266099	0.2500077	0.004627904	0.02651184	0.006083137	0.003627763	0.009899026	0.0006874719	0.2778505	0.004314274	0.000297239	0.204465	0.007421208	0.009233181	0.1817543
8400	-238.048	-265.601	27.5532	0.07718138	0.3021605	0.08411458	0.0002522443	0.03223099	0.003731011	0.002111936	0.01239776	0.001310346	0.2985819	0.0149811	0.0009689579	0.09833137	0.0070553	0.01758464	0.06593099
8500	-245.14	-266.345	21.2045	0.2849065	0.2413432	0.3051733	0.005445125	0.02142635	0.008483816	0.007295907	0.0105944	0.000404363	0.2133733	0.01284113	0.01018984	0.111243	0.0112123	0.003232041	0.08919379
8600	-241.936	-268.412	26.4759	0.324824	0.2357292	0.050658	0.0008721454	0.02943771	0.01260965	0.01521093	0.008990375	0.001273141	0.113086	0.0009864568	0.004423878	0.1650168	0.004161553	0.006321754	0.09918845
8700	-235.595	-264.377	28.7821	0.313984	0.09886013	0.072749	0.001549201	0.01621229	0.008325172	1.1987e-05	0.007413693	0.003943256	0.130619	0.00478733	0.002427765	0.1543088	0.005552142	0.00360648	0.1331329
8800	-236.085	-264.519	28.4339	0.09705135	0.188575	0.1063969	0.008091144	0.03456311	0.001603474	0.002322915	0.01013286	0.00216458	0.1700891	0.006371452	0.01051613	0.1863483	0.001570798	0.009590724	0.1395035
8900	-239.795	-268.186	28.3908	0.06454294	0.2003912	0.03143977	0.01097155	0.04002822	0.003116885	0.002719385	0.01441943	0.0002589189	0.1754151	0.0008433425	0.01212814	0.2108914	0.001925684	0.005045527	0.2029065
9000	-237.298	-263.569	26.2705	0.1047015	0.344627	0.1752463	0.005466104	0.0308514	0.001086419	0.004038401	0.01015602	0.003019191	0.1877911	0.0008869644	0.01331465	0.1194918	0.0007030901	0.00465286	0.07702667
9100	-240.337	-262.183	21.8461	0.4270567	0.1466073	0.2867537	0.0003002313	0.03504975	0.003344036	0.001250636	0.01563968	0.003185665	0.1479864	0.008764557	0.002184572	0.1189885	0.01187963	0.001264027	0.09402311
9200	-242.142	-268.451	26.3085	0.2862571	0.2389296	0.02586113	0.003118633	0.02796166	0.005648778	0.00332546	0.01530939	0.002639905	0.2139196	0.008805594	0.001697097	0.1487953	0.007203571	0.007042288	0.08464327
9300	-243.35	-264.658	21.3079	0.2202647	0.3049031	0.403107	0.002974612	0.02252376	0.0127558	0.0003069252	0.009098942	0.001720461	0.1145839	0.02262946	0.001810923	0.1466301	0.005560489	0.001403692	0.0609153
9400	-239.054	-264.758	25.7041	0.04063452	0.295684	0.01664445	0.000595237	0.02816545	0.008610709	0.0001830125	0.008008412	0.002681862	0.1478955	0.04216624	0.001872166	0.3290811	0.002848695	0.001539605	0.1847674
9500	-244.481	-271.216	26.735	0.1555206	0.1088566	0.05383382	0.001491322	0.03367187	0.008385498	0.002564144	0.01107854	0.002023253	0.1302477	0.02187814	0.01169746	0.3066708	0.003881421	0.009129404	0.1989037
9600	-246.379	-266.613	20.2345	0.3170875	0.433452	0.1060706	0.0001031141	0.02524758	0.01014677	0.005353372	0.01398468	0.0005665473	0.3287224	0.02377294	0.002931306	0.05285807	0.0139005	0.007624765	0.0430369
9700	-242.729	-266.9	24.1709	0.1433801	0.1857886	0.1337768	0.007535341	0.0285516	0.008354579	0.0008595937	0.007098748	0.003371679	0.09148664	0.01204432	0.003030797	0.2791323	0.00123139	0.0006554722	0.2817408
9800	-234.715	-265.256	30.5414	0.1158828	0.1576986	0.1048817	0.007276236	0.02899983	0.003851398	0.004344484	0.01002239	0.00242819	0.1644199	0.004355825	0.008040572	0.1297404	0.001526991	0.008992489	0.1170534
9900	-240.048	-266.473	26.4244	0.3264215	0.06970447	0.11229	0.003163474	0.02901653	0.004651273	0.005902018	0.01021299	0.006216686	0.1962266	0.004187377	0.006596816	0.1801174	0.00489873	0.002677731	0.1130822
10000	-241.177	-270.114	28.9376	0.06364261	0.1859947	0.2128522	0.004243029	0.0296393	0.004109322	0.002699531	0.01227888	0.001669376	0.06074745	0.01608567	0.005446041	0.1903059	0.02008753	0.007844616	0.1320596
