Iteration	Posterior	Likelihood	Prior	r1	r2
0	-46.9645	-52.8408	5.87631	0.002126881	0.003631071
100	-49.7705	-55.5655	5.795	0.003672482	0.006150699
200	-47.4139	-53.3265	5.91262	0.001492854	0.002449483
300	-47.9155	-53.8343	5.91889	0.001266887	0.002362044
400	-51.2316	-57.0936	5.86201	0.0007037143	0.005769091
500	-48.1729	-54.0281	5.85519	0.001596824	0.005216738
600	-47.6914	-53.6047	5.91333	0.00132571	0.002580818
700	-46.8578	-52.7458	5.888	0.002131275	0.003042073
800	-47.6445	-53.5668	5.92224	0.00169872	0.001762647
900	-47.7802	-53.69	5.90981	0.002540694	0.001542175
1000	-49.0441	-54.8622	5.81815	0.002068788	0.006596756
1100	-49.1968	-55.0297	5.83285	0.004212168	0.003718347
1200	-50.9338	-56.7038	5.76996	0.002812579	0.008262446
1300	-46.9367	-52.814	5.87725	0.002411125	0.003299441
1400	-51.2869	-57.0608	5.77384	0.004544532	0.006336628
1500	-47.55	-53.4399	5.88988	0.00296852	0.002110936
1600	-47.5103	-53.3923	5.88202	0.001515603	0.003956629
1700	-48.294	-54.1227	5.82868	0.003215285	0.004923835
1800	-47.3086	-53.2223	5.91367	0.001632875	0.002257071
1900	-47.2646	-53.1694	5.90472	0.001534087	0.002802989
2000	-47.846	-53.6876	5.84163	0.003078576	0.00441298
2100	-47.0128	-52.8843	5.8715	0.002479563	0.003518486
2200	-47.662	-53.5398	5.87784	0.003218091	0.00246325
2300	-48.7151	-54.542	5.82691	0.002002102	0.006225847
2400	-46.9066	-52.7856	5.87899	0.002306854	0.003316765
2500	-48.0372	-53.9633	5.92614	0.001347575	0.001918564
2600	-49.4645	-55.2628	5.79834	0.002884697	0.00677139
2700	-47.181	-53.0429	5.86192	0.00251259	0.003964493
2800	-46.9508	-52.8523	5.90146	0.002038426	0.002461738
2900	-47.8748	-53.7144	5.83965	0.003026102	0.004564554
3000	-47.7853	-53.6672	5.88184	0.003244908	0.002236258
3100	-52.1397	-57.9487	5.809	0.005700939	0.003422184
3200	-46.9129	-52.7911	5.87823	0.00228197	0.003379912
3300	-50.4279	-56.2201	5.79219	0.002032295	0.007931603
3400	-47.6902	-53.5343	5.84407	0.00242346	0.004946364
3500	-47.7065	-53.5676	5.86112	0.001739987	0.004777416
3600	-46.9292	-52.8294	5.90021	0.001998537	0.002564401
3700	-47.0957	-52.9709	5.87518	0.002723813	0.003090292
3800	-51.3078	-57.0782	5.77044	0.002294353	0.008756646
3900	-48.0174	-53.8676	5.85022	0.003490698	0.003571281
4000	-47.9357	-53.8371	5.90147	0.001213251	0.003286418
4100	-47.79	-53.6499	5.85985	0.003370873	0.003209836
4200	-47.1959	-53.1064	5.91051	0.001690002	0.002357884
4300	-50.9608	-56.7303	5.76949	0.003808673	0.007290153
4400	-47.2404	-53.1105	5.87016	0.00288643	0.003178895
4500	-48.1982	-54.0706	5.87236	0.003594553	0.002360921
4600	-46.936	-52.8134	5.87741	0.002413651	0.003288897
4700	-47.9269	-53.7788	5.85188	0.003427972	0.003551106
4800	-47.3943	-53.2549	5.86061	0.002017143	0.004525437
4900	-47.1211	-53.0246	5.90344	0.001652614	0.002748591
5000	-49.0762	-55.003	5.92683	0.002319128	0.0009126699
5100	-49.7107	-55.508	5.79724	0.002455526	0.007255564
5200	-47.8853	-53.7589	5.87367	0.001440632	0.004449338
5300	-47.992	-53.9181	5.92613	0.001386254	0.001880391
5400	-47.0723	-52.9396	5.86726	0.002366636	0.003843582
5500	-46.9325	-52.8317	5.89915	0.001905957	0.002709656
5600	-48.9863	-54.906	5.91964	0.0009306645	0.002660566
5700	-49.7452	-55.6752	5.92995	0.0008198169	0.002256061
5800	-47.2859	-53.1836	5.89775	0.001518599	0.003167129
5900	-47.2323	-53.1323	5.90001	0.002507525	0.00206545
6000	-48.6965	-54.5968	5.90025	0.001003334	0.00355743
6100	-46.8629	-52.7554	5.8925	0.002111208	0.002836937
6200	-47.0223	-52.9146	5.89224	0.002491396	0.002469772
6300	-46.915	-52.8116	5.89657	0.001909864	0.002835014
6400	-47.1289	-53.0021	5.87317	0.002760037	0.003154633
6500	-47.1287	-53.0009	5.87217	0.001973462	0.003991273
6600	-49.1105	-55.0158	5.90525	0.003228338	0.001082633
6700	-46.8603	-52.7465	5.88616	0.002193679	0.003071404
6800	-47.1037	-52.9693	5.86556	0.002400581	0.003894452
6900	-49.1196	-54.928	5.80836	0.002525867	0.006629532
7000	-47.977	-53.8204	5.84332	0.002034898	0.005372181
7100	-47.2669	-53.1791	5.91218	0.002032622	0.001931388
7200	-50.0898	-55.9898	5.89995	0.003717734	0.0008580784
7300	-46.8778	-52.7731	5.89523	0.002074571	0.002737137
7400	-47.1005	-52.9984	5.89788	0.001656464	0.003022954
7500	-47.2448	-53.1348	5.89001	0.001589045	0.00348348
7600	-46.9113	-52.7927	5.88141	0.002406415	0.003096295
7700	-47.6421	-53.5146	5.87248	0.001571955	0.004377152
7800	-47.9286	-53.8189	5.89034	0.003170984	0.001885039
7900	-47.596	-53.5107	5.91469	0.001392141	0.002446456
8000	-47.2979	-53.187	5.88901	0.002809933	0.002312732
8100	-46.9015	-52.7989	5.89741	0.002107032	0.002595764
8200	-48.2141	-54.0839	5.86987	0.003627014	0.00245266
8300	-47.4764	-53.3266	5.85016	0.00262801	0.004437171
8400	-46.904	-52.7889	5.88493	0.002012002	0.003314892
8500	-47.3985	-53.2545	5.85607	0.002206544	0.004563192
8600	-47.2861	-53.1668	5.88076	0.001664056	0.003871226
8700	-49.73	-55.6007	5.87075	0.0009447366	0.005090937
8800	-48.3047	-54.1302	5.82554	0.002880281	0.005416021
8900	-46.9412	-52.8221	5.88092	0.002025899	0.003501276
9000	-47.0368	-52.9352	5.89833	0.002358024	0.002298822
9100	-46.9807	-52.8841	5.90344	0.001958746	0.002442293
9200	-47.0364	-52.9178	5.88141	0.002641486	0.002861052
9300	-48.2466	-54.0759	5.82931	0.002420734	0.005686788
9400	-47.9494	-53.8329	5.88346	0.001312303	0.00408784
9500	-48.8808	-54.7823	5.90155	0.0009582202	0.003537755
9600	-47.0584	-52.9376	5.87921	0.001888564	0.003723928
9700	-48.5801	-54.494	5.91393	0.002729058	0.001147647
9800	-49.6201	-55.4147	5.79464	0.003104689	0.006736328
9900	-49.1239	-54.9597	5.83581	0.004188985	0.003593977
10000	-46.9422	-52.818	5.87578	0.002263054	0.003521333
