Iteration	Posterior	Likelihood	Prior	r14	r23	r32	r33	r38	r39	r42	r45	r48	r5	r51	r53	r56	r60	r62	r63
0	-139.337	-174.007	34.6704	0.06610033	0.05751117	0.1497911	0.001822479	0.005751835	0.01370528	0.0219228	0.05148116	0.1688886	0.04007159	0.0008243583	0.01074389	0.04552141	0.001454966	0.00266116	0.02481594
100	-143.479	-170.573	27.0946	0.1902329	0.1238738	0.09511725	0.002183329	0.004105523	0.01255759	0.05172945	0.1818275	0.2169297	0.09383629	0.005893624	0.0009669637	0.04556489	0.001823767	0.004014028	0.01119931
200	-135.09	-169.732	34.642	0.007477007	0.06077726	0.1234418	0.001861176	0.003038817	0.007940966	0.03761511	0.133583	0.1299604	0.08098419	9.118992e-05	0.007137709	0.05167521	0.002341575	0.000540544	0.0160209
300	-137.419	-169.331	31.9121	0.01528177	0.0638388	0.1514462	0.00705448	0.002063946	0.00685054	0.004238391	0.1518661	0.2599045	0.07407764	0.001945691	0.001552114	0.04604938	0.0003486253	0.003654345	0.01080611
400	-139.657	-167.664	28.0076	0.07138946	0.0008139958	0.1409948	0.0009290707	0.01087379	0.003303968	0.1061197	0.2498472	0.3433774	0.01595168	0.001185769	0.001372809	0.03323013	0.000152432	0.005838934	0.01082444
500	-139.355	-167.035	27.6799	0.05329859	0.03964822	0.3156846	0.005296306	0.01184988	0.005627426	0.01065221	0.3318198	0.04391891	0.135161	0.001533116	0.001425363	0.04118907	0.0001459352	0.001480752	0.01385727
600	-136.667	-166.815	30.1483	0.004323449	0.09710666	0.1863861	6.830788e-05	0.00449657	0.007593794	0.01070994	0.1945712	0.1740948	0.1017015	0.001126847	0.002698023	0.07267797	0.001248532	0.002397829	0.02797061
700	-137.583	-169.241	31.6581	0.1322214	0.1560422	0.1842719	0.005636816	0.0009172537	0.01246214	0.04379879	0.1400791	0.01077463	0.07955296	2.208546e-05	0.0008162772	0.03264299	0.001555007	0.001453056	0.01143578
800	-145.682	-169.364	23.6819	0.1702308	0.1693693	0.4796448	0.001096458	0.003682181	0.00124914	0.01228291	0.164972	0.09483573	0.04406454	0.001999363	0.00273186	0.04083899	0.003593197	0.002839521	0.01906191
900	-138.409	-167.547	29.1379	0.03775572	0.1524586	0.04316332	0.003625918	0.02156979	0.004364044	0.007749936	0.3168978	0.2205239	0.085582	0.0003978237	0.001393113	0.02527464	0.0005091092	0.004416071	0.01401112
1000	-139.46	-167.328	27.8686	0.03519884	0.1024621	0.1067226	0.001155447	0.001243222	0.006235347	0.01909361	0.311821	0.1083055	0.1797286	0.0003237404	0.00238156	0.0935494	0.0004088989	0.002008278	0.03251989
1100	-141.994	-170.264	28.2704	0.05608904	0.0929284	0.07196384	0.001688777	0.0001421944	0.01105053	0.01709956	0.1093416	0.05867327	0.4809616	0.002965739	0.002001448	0.04917535	0.0007255416	0.003784902	0.02447595
1200	-140.897	-173.014	32.1166	0.06776761	0.05681613	0.1612755	0.01872741	0.001181735	0.00754135	0.1065708	0.02472939	0.001715034	0.236546	0.003856757	0.006496109	0.06916246	0.0001521579	0.0002207619	0.02799532
1300	-140.069	-171.95	31.8814	0.1095656	0.1437041	0.05870145	0.0005708546	0.003559072	0.007394083	0.02399292	0.1865588	0.1474468	0.03900528	0.002086264	0.001399245	0.04592939	0.003123515	0.003627692	0.02585134
1400	-133.761	-171.01	37.2488	0.02251176	0.04546249	0.02018225	0.000615174	0.009215439	0.007911401	0.04127544	0.03666657	0.2127535	0.07782368	0.00247898	0.004363667	0.03707997	0.0005699098	2.171162e-05	0.01521222
1500	-133.936	-169.83	35.894	0.02003726	0.0794189	0.03045955	0.006815403	0.01180996	0.007736797	0.01106364	0.126781	0.1714405	0.08424622	0.002391984	0.003068211	0.03191288	8.072678e-05	0.003256271	0.01136514
1600	-133.662	-172.869	39.2069	0.006917382	0.04961692	0.0914906	0.001215719	0.003101941	0.01281744	0.009544996	0.1170985	0.06888012	0.02014628	0.002508361	0.002719925	0.03470284	0.0003125193	0.005846463	0.009320985
1700	-146.165	-170.586	24.421	0.1776239	0.1106744	0.1907864	0.002164979	0.003642717	0.004302471	0.00972553	0.1089128	0.2969727	0.2166806	0.006826179	0.00769934	0.02351377	0.0007924809	0.002710717	0.01250757
1800	-135.432	-169.554	34.1223	0.09444644	0.1528784	0.08070297	0.0005483162	0.006277234	0.006515169	0.04202223	0.07706521	0.1148479	0.07067443	0.001873745	0.002982659	0.02633531	0.001510532	0.00164344	0.01014594
1900	-146.176	-174.885	28.7092	0.04575903	0.2569079	0.003143582	0.001614576	0.0212081	0.002023418	0.00339692	0.258482	0.1036031	0.07041899	0.004546071	0.002212312	0.1355494	0.0009959377	0.0009621816	0.05030117
2000	-138.884	-166.209	27.3247	0.02331499	0.09073302	0.3103381	0.003231511	0.005769631	0.008009881	0.003521618	0.1535645	0.223938	0.1594455	0.001484459	0.001717437	0.02761375	0.0006701288	0.002747022	0.01425121
2100	-139.63	-167.295	27.6654	0.09029232	0.1789061	0.1425521	0.0003758761	0.005528616	0.003728529	0.02055119	0.2867187	0.09040493	0.1488806	0.002463021	0.001897548	0.0272981	0.001741393	0.003575625	0.00840065
2200	-140.824	-167.637	26.8132	0.1501921	0.1891937	0.06651012	0.01273958	0.007192262	0.002657992	0.04186004	0.1223899	0.2663046	0.1555205	0.0002969719	0.001702433	0.02517676	0.0001478786	0.002616288	0.01142362
2300	-145.837	-173.147	27.3103	0.2072016	0.2425238	0.1314833	0.003529784	0.0006216404	0.01075661	0.07921066	0.02882991	0.1738015	0.1048302	0.006140111	0.003313475	0.02753888	0.002337104	0.001649497	0.007301264
2400	-139.156	-168.159	29.0033	0.1028588	0.176783	0.2077596	0.005230514	7.411952e-05	0.008280716	0.01534311	0.1428412	0.08421367	0.1534084	0.0006447032	0.002127554	0.03682547	0.0008305224	0.001442975	0.007756659
2500	-141.108	-168.182	27.074	0.01438732	0.1035492	0.06806472	0.01789514	0.0005493506	0.01064086	0.01472641	0.1478878	0.1683444	0.4221814	0.001218385	0.002955718	0.04904788	9.741142e-05	0.005213232	0.0161268
2600	-137.649	-171.414	33.7648	0.03509876	0.02200638	0.06009739	0.009351982	0.02204595	0.00687019	0.002854358	0.2712398	0.07125278	0.1283966	0.0007377538	0.0002189922	0.05237324	0.001645605	0.002124573	0.02203227
2700	-135.173	-169.618	34.4457	0.02021886	0.02388227	0.1818825	0.004417761	0.001894056	0.009423109	0.04506751	0.05726119	0.1429259	0.1328621	0.0002958879	0.005665504	0.03368594	0.0007348397	0.001982422	0.01210161
2800	-137.202	-172.118	34.9157	0.0132438	0.1963234	0.0960786	0.003672652	0.001245039	0.009824837	0.02570416	0.1070401	0.1373915	0.008858442	0.006152683	0.004451144	0.02704919	0.0007056168	0.001647931	0.01141297
2900	-140.516	-171.853	31.337	0.05757229	0.002845283	0.03536138	0.003924195	0.0002988842	0.01156644	0.05478845	0.0733618	0.07269748	0.3001182	0.00105782	0.006617792	0.1463161	0.0007487693	0.00042886	0.06203064
3000	-140.272	-173.792	33.52	0.06772115	0.06220149	0.1753326	0.002805627	0.003598284	0.004987507	0.002761697	0.05568893	0.08387915	0.1885567	0.006809757	0.009410328	0.03691811	0.0001254477	0.001479397	0.01831039
3100	-135.923	-169.261	33.3382	0.2178848	0.03452574	0.07728102	0.001667428	0.003344051	0.010888	0.001102046	0.1154522	0.104607	0.101605	0.001183965	0.00327249	0.03755514	0.001832791	0.002085409	0.01538921
3200	-138.232	-170.549	32.3166	0.009736178	0.1969677	0.09960597	0.001120808	0.003769432	0.01386822	0.002725478	0.2337898	0.1327952	0.01145968	0.0005473508	0.001080958	0.05176868	0.001094783	0.007250787	0.01317674
3300	-142.681	-169.561	26.88	0.1328447	0.04344495	0.01973785	0.0133815	0.01629638	0.003152749	0.008540551	0.275315	0.1727655	0.3012293	0.003793739	0.002037558	0.04364859	0.0001233228	0.003095932	0.01318012
3400	-139.781	-170.511	30.7295	0.02852783	0.1235631	0.04477653	6.914307e-05	0.008961992	0.003624785	0.01045348	0.09590399	0.3425618	0.1381361	0.001050345	0.002210937	0.03799687	0.002229129	0.009338679	0.01070707
3500	-140.421	-172.149	31.7284	0.051146	0.05304639	0.3174179	0.001616222	0.001313079	0.009308601	0.01073183	0.1602916	0.01221816	0.07781654	0.0008952767	0.0003268843	0.07714414	0.004703844	0.004578882	0.02761158
3600	-137.424	-169.324	31.8991	0.06368359	0.1483555	0.04333624	0.0008908472	0.01177133	0.001006021	0.007558808	0.1405218	0.2984794	0.03459688	0.004133882	0.002676523	0.02523	0.0008318635	0.005595628	0.01296025
3700	-138.458	-173.487	35.0288	0.01672116	0.02061348	0.0637755	0.003708731	0.001167322	0.004448944	0.04323733	0.2888791	0.06917126	0.05993112	0.001496718	0.006330058	0.04701008	0.001635638	0.001968848	0.01505002
3800	-136.497	-168.295	31.7984	0.2071335	0.03001159	0.06835139	0.002551701	0.007145968	0.002681118	0.004977187	0.0794619	0.2435947	0.09686267	0.001430568	0.0018505	0.03922807	0.0002274476	0.008416878	0.01274056
3900	-137.998	-166.372	28.3734	0.0559196	0.143272	0.1993151	0.003934045	0.01262421	0.005049989	0.009307778	0.2286224	0.1778902	0.06544422	0.002439635	0.0009366271	0.05133282	8.087723e-05	0.003071194	0.01867353
4000	-143.18	-166.465	23.2848	0.1086755	0.03128096	0.2157608	0.0116773	0.0004295393	0.008277664	0.01989038	0.1445339	0.2846823	0.3356002	0.0007616869	0.003750446	0.04466065	8.497058e-05	0.004115565	0.01816249
4100	-137.113	-171.912	34.799	0.05707602	0.1024128	0.08839045	0.001863856	0.01501241	0.009400202	0.04039897	0.09530072	0.08136043	0.1126016	0.0005824881	0.003884988	0.03379418	0.001424387	0.001932308	0.01120125
4200	-137.86	-174.874	37.0146	0.05964467	0.1251802	0.07668029	0.004702084	0.007162692	0.002747401	0.008283415	0.1226225	0.07438125	0.01031977	0.00399445	4.631829e-05	0.03086783	0.002540986	0.005640338	0.0110403
4300	-140.805	-169.55	28.7456	0.001283589	0.1551827	0.02143001	0.009728888	0.0003612103	0.008315812	0.06528507	0.314517	0.1131259	0.1911075	0.00635363	0.002267419	0.05194998	0.0003008606	0.001638066	0.01645828
4400	-143.348	-172.461	29.1129	0.1664983	0.04935388	0.05185556	0.001926926	0.001146244	0.00553313	0.02418526	0.2502826	0.07438567	0.1808504	0.001568666	0.003458464	0.08703487	0.0003838135	0.004757368	0.03772169
4500	-140.04	-171.424	31.3838	0.07312777	0.06174894	0.1171813	0.01067321	0.004254603	0.004698659	0.005025503	0.1105879	0.06235089	0.1715431	0.001068577	0.003776226	0.1400793	0.000148637	0.0004617279	0.06067049
4600	-142.448	-174.821	32.3734	0.05489408	0.2604544	0.01608719	0.00933193	0.01575661	0.005577748	0.01299513	0.1657845	0.03100978	0.1534652	0.005101817	0.002338815	0.03171007	0.001673062	0.001421435	0.01031545
4700	-134.791	-166.127	31.3361	0.07833756	0.06531379	0.171543	0.0055353	0.005053528	0.005798885	0.02526729	0.1467318	0.1937756	0.06989558	4.35279e-05	0.002005738	0.04116659	0.0003877227	0.002672963	0.0162523
4800	-140.007	-171.966	31.9596	0.03036976	0.1448064	0.05786791	0.005701188	0.01071778	0.007805244	0.09883019	0.1557256	0.1852562	0.04340234	0.002634046	0.00115399	0.03648602	0.0001589387	0.004575779	0.01311634
4900	-140.06	-170.639	30.5784	0.1250434	0.07315464	0.1010731	0.0008032348	0.01336003	0.007523178	0.02122523	0.1481484	0.07020705	0.1968858	0.0007297408	0.001763214	0.07468667	0.002112386	0.001925146	0.02902374
5000	-139.453	-176.694	37.2406	0.04292346	0.006175691	0.03553386	0.002473342	0.003093794	0.01536947	0.0361878	0.02161452	0.1436696	0.04629384	0.0009268091	0.009253904	0.1087279	0.001101144	0.0002970075	0.06091249
5100	-145.861	-172.396	26.5348	0.189711	0.06854788	0.1028534	0.002727108	0.005508497	0.01273398	0.01697025	0.04666484	0.368183	0.1755279	0.0005622618	0.004345389	0.04180468	0.003304286	0.01143439	0.01896796
5200	-135.97	-173.584	37.6137	0.01213857	0.03320384	0.07828024	0.001084629	0.008732761	0.001473537	0.0296041	0.06137474	0.1506663	0.04857056	0.0004698442	0.005259861	0.05802993	0.002380763	0.002567557	0.02206179
5300	-136.395	-169.032	32.6373	0.03320576	0.133347	0.1440915	0.001546395	0.007103342	0.01009265	0.002098897	0.1399602	0.1380836	0.0757035	0.004955401	0.002622228	0.0471082	0.001160717	0.004270204	0.01937094
5400	-132.145	-165.908	33.7636	0.0596855	0.06704639	0.1052871	0.001449811	0.006637681	0.009382519	0.007116278	0.1831399	0.1829542	0.02410098	0.0001861247	0.0006712155	0.04040453	0.0006872491	0.005791025	0.01386564
5500	-136.486	-168.901	32.4152	0.1775797	0.01295168	0.1562474	0.005708721	0.002242619	0.013819	0.02336846	0.09712311	0.1566437	0.06724608	0.0002172244	0.0007832879	0.03918182	0.0002110733	0.005425222	0.01707566
5600	-145.527	-169.63	24.1027	0.1266383	0.1832102	0.1768495	0.002439295	0.0004286432	0.009475272	0.04388054	0.05098496	0.3683725	0.1314798	0.003432328	0.00334435	0.05885946	0.003522109	0.005922333	0.02260978
5700	-137.439	-172.226	34.7869	0.07946894	0.03053149	0.1724721	0.0008547365	0.007231602	0.008985982	0.002778493	0.07561237	0.197835	0.01414528	0.002501	0.00316932	0.03507487	0.003988082	0.004114873	0.0184753
5800	-136.406	-170.402	33.996	0.0194212	0.1262005	0.1340655	0.001431378	0.0006313599	0.008250451	5.529709e-05	0.1720226	0.05604757	0.0829325	0.005870524	0.0009329226	0.05490001	4.329657e-05	0.003089478	0.03089046
5900	-139.535	-171.105	31.5698	0.00694631	0.06971632	0.02305213	0.003041521	0.02356054	0.004759707	0.001628862	0.2076395	0.2379806	0.1852997	0.003325133	0.00151506	0.02830547	0.0006405908	0.004747315	0.01593635
6000	-139.717	-177.015	37.2976	0.05680286	0.03497229	0.0142156	0.007921935	0.009625616	0.007260129	0.02713324	0.0527714	0.1836933	0.08773314	0.001222907	0.00560108	0.030807	0.0006878299	0.004614307	0.006645211
6100	-139.23	-173.248	34.0181	0.0268765	0.000183844	0.1146431	0.01011229	0.001268906	0.01095069	0.006433772	0.2508043	0.02513358	0.1715986	0.003648132	0.001193697	0.05582188	0.0001828072	0.00200805	0.01481933
6200	-146.939	-172.437	25.4982	0.07310929	0.03337115	0.01849086	0.0007494532	0.01295254	0.01061369	0.009799591	0.3322864	0.3911861	0.1653698	0.002208243	0.001235235	0.04774518	0.000504135	0.01068758	0.01136796
6300	-135.592	-167.002	31.41	0.05387113	0.142473	0.30359	0.002063975	0.003582027	0.007890139	0.03467086	0.1455819	0.07900635	0.0001084588	0.0009783454	0.0005103988	0.03677884	0.000458746	0.002944125	0.01157938
6400	-137.195	-171.539	34.3442	0.139216	0.04230733	0.08255377	0.0002101315	0.00176046	0.01820759	0.0261906	0.06792188	0.1104966	0.06967391	0.001886242	0.004216704	0.07987078	0.0009025643	0.001116795	0.03284673
6500	-141.883	-173.466	31.5823	0.0306872	0.3009534	0.05811958	0.001814342	2.708797e-05	0.0121723	0.09187257	0.06133166	0.03352025	0.1114061	0.004759988	0.007673045	0.0652894	0.001517507	0.001010174	0.03531514
6600	-143.027	-175.671	32.6443	0.1732742	0.0959589	0.1477709	0.00614019	0.002547907	0.009938586	0.005080026	0.07673624	0.009683225	0.115832	0.00166878	0.006759369	0.06894974	0.002232028	0.001567907	0.04023023
6700	-139.173	-173.907	34.7331	0.0905063	0.1119538	0.07319369	0.00783062	0.003993734	0.002537162	0.01280627	0.1428034	0.04428699	0.08176527	0.006068568	0.001795742	0.05828472	0.0007357799	0.001107628	0.02026018
6800	-132.018	-167.632	35.6146	0.02108705	0.01324012	0.162803	0.001644111	0.008907895	0.006599859	0.007471104	0.1609059	0.1459091	0.03462484	0.001511317	0.001650449	0.03139117	0.0002994047	0.003835295	0.01397527
6900	-136.637	-170.027	33.3898	0.05135279	0.2186934	0.07793187	0.0009731997	0.009895809	0.009358881	0.007744952	0.04720528	0.1942226	0.04577737	0.0005840381	0.00869172	0.03489102	0.0008873966	0.0002820845	0.01860294
7000	-138.08	-172.087	34.007	0.02558714	0.01186303	0.1081094	0.001824401	0.007387614	0.01402386	0.004286563	0.3933759	0.004358402	0.04068544	0.002208139	0.007441054	0.05407148	0.0005223803	0.001578483	0.01891077
7100	-141.581	-173.09	31.5089	0.06753358	0.1010751	0.06976415	0.003491939	0.01873804	0.002444541	0.05142729	0.113612	0.2347046	0.08818592	0.001697657	0.003084944	0.03643991	0.0002508901	0.004613814	0.02407741
7200	-137.029	-165.502	28.4735	0.0444881	0.0916358	0.2418136	0.001018258	0.002203151	0.0123056	0.00860904	0.1103509	0.2611239	0.1326853	0.000615009	1.597943e-05	0.04138215	4.421153e-05	0.00841179	0.01621032
7300	-140.675	-172.522	31.8475	0.07069389	0.07130664	0.01678165	0.01252695	0.001813111	0.01047815	0.01936308	0.1107172	0.1274574	0.2845273	0.005874758	0.006304217	0.04580453	0.0002684894	0.002820291	0.0174745
7400	-145.488	-172.14	26.6516	0.1551639	0.04813173	0.1997511	0.00270748	0.01444566	0.003818821	0.264685	0.08311179	0.1530899	0.07184059	0.0007284182	0.002016397	0.04401575	0.000705401	0.002437118	0.01735763
7500	-135.337	-170.397	35.0608	0.06889899	0.06153811	0.1836034	0.001224102	0.006708786	0.005248915	0.001547858	0.03943907	0.08893561	0.136169	0.001273838	0.005385046	0.02971343	0.00253794	0.0007151123	0.01060568
7600	-138.767	-167.081	28.3137	0.1004074	0.3237933	0.1811281	0.001962092	0.01043856	0.005358607	0.01782254	0.124731	0.04307757	0.1248671	0.00145878	0.001209716	0.0328137	1.287251e-05	0.001820497	0.009999614
7700	-142.769	-168.912	26.1433	0.07964949	0.1106383	0.07705697	0.004144867	0.001651181	0.0080779	0.1154225	0.29601	0.1445724	0.178019	0.003058844	0.002284344	0.04402977	0.001337611	0.00315652	0.02031047
7800	-143.786	-172.213	28.4269	0.05193646	0.1168579	0.01449948	0.01120346	0.006507684	0.01205913	0.03171529	0.3025453	0.09802171	0.195212	0.001749377	0.007912628	0.08575495	1.241036e-05	0.001984888	0.03726988
7900	-142.432	-169.647	27.2159	0.006164081	0.1487899	0.2991483	0.0008062881	0.006332132	0.01481972	0.02630657	0.2711112	0.1743741	0.02893584	0.002730176	0.003957851	0.03253351	0.004877814	0.002159317	0.01274574
8000	-137.58	-165.458	27.8776	0.04564392	0.1409105	0.2520347	0.004190105	0.001177957	0.007517358	0.007448591	0.2530142	0.08690963	0.1446121	0.001553307	0.001271702	0.03694193	0.0003581751	0.003912902	0.01520834
8100	-139.974	-174.092	34.1176	0.01876105	0.02976064	0.06353565	0.004646651	0.004389768	0.0126683	0.09376451	0.1417968	0.2170405	0.0392298	0.000735991	0.003883267	0.03774831	4.895091e-05	0.006483743	0.01621205
8200	-141.239	-173.23	31.9917	0.08023762	0.08427492	0.1226398	0.00166743	0.01831858	0.003002967	0.02260207	0.03292804	0.2344776	0.1059194	0.001440331	0.00536274	0.05486187	0.003703634	0.0006338364	0.02493015
8300	-139.302	-169.015	29.7127	0.1630988	0.05891527	0.02434787	0.009805307	0.002692127	0.008172953	0.01170638	0.1906296	0.167971	0.193307	0.0003938002	0.00377392	0.05509582	0.0006351289	0.003262306	0.01714386
8400	-136.069	-171.706	35.6373	0.08312117	0.04738048	0.02348856	0.001680229	0.02074638	0.007892471	0.01306972	0.1556308	0.03609262	0.1664963	0.000687857	0.001365272	0.04312835	0.0007538164	0.002104273	0.01108013
8500	-137.99	-170.416	32.4259	0.07265348	0.1572316	0.09540565	0.005080915	0.005906129	0.007003051	0.04041726	0.04696326	0.1974644	0.0602497	0.001845892	0.003485659	0.05257342	4.550966e-05	0.004439851	0.02452458
8600	-137.106	-166.587	29.481	0.2508717	0.06288983	0.06414113	0.0003648572	0.01809106	0.00505923	0.002129563	0.1330101	0.1306779	0.2044923	0.0001959799	0.0002797243	0.03132714	0.0003726424	0.005447384	0.01318726
8700	-137.328	-167.208	29.8801	0.0536864	0.2023743	0.1781573	0.0003344355	0.004967882	0.00678072	0.01612444	0.09079848	0.1926555	0.1043344	0.002526618	0.002473732	0.02866038	0.001056275	0.006353674	0.01129872
8800	-136.951	-169.861	32.9105	0.02331528	0.3411976	0.1759907	0.002562398	0.0001963796	0.01375899	0.04099587	0.002134065	0.02782309	0.01105036	0.004835039	0.009588772	0.07045523	2.210737e-07	2.44659e-05	0.02713131
8900	-134.703	-167.99	33.2866	0.03085773	0.1538266	0.1119954	0.005073515	0.007851165	0.009200686	0.006121514	0.2473705	0.01457666	0.09217968	0.001320902	0.000408663	0.03802176	0.0008269319	0.002601012	0.01002232
9000	-142.527	-173.01	30.4826	0.0044449	0.2826867	0.03818171	0.01060995	0.00246117	0.008643856	0.008547436	0.04671887	0.01543537	0.3087955	0.006048944	0.007038124	0.09012067	0.0005977206	0.0008269881	0.04129705
9100	-141.533	-173.62	32.0871	0.09317336	0.01013606	0.3318805	0.001031592	0.006720062	0.01272222	0.02718469	0.04143821	0.140246	0.04427166	0.000568783	0.005336815	0.04310316	0.01094322	0.001575281	0.0218997
9200	-138.924	-172.211	33.2862	0.05975653	0.1620372	0.01600217	0.005947886	0.01363176	0.002507443	0.02544755	0.001480472	0.2401568	0.1236547	0.004237154	0.006087593	0.04756901	0.0005506096	9.559258e-05	0.02311166
9300	-135.14	-169.194	34.0539	0.09699906	0.1433373	0.1094287	0.0007770817	0.007090249	0.005430734	0.03630709	0.05940878	0.08580187	0.07760008	0.0021025	0.003321909	0.04509389	0.001856335	0.0003704785	0.0189629
9400	-134.466	-171.318	36.8511	0.007668473	0.09734297	0.07363801	0.004396467	0.004462514	0.007887251	0.00699962	0.1943974	0.0397609	0.04706291	0.003089481	0.002761304	0.04544787	0.001635453	0.002608319	0.01487137
9500	-140.511	-171.849	31.3379	0.1183422	0.1787177	0.0202753	0.007638978	0.01268867	0.001987089	0.03666204	0.08306233	0.1559278	0.1376543	0.0002059626	0.001175177	0.04613299	0.0006152705	0.005678339	0.02292575
9600	-139.953	-170.272	30.3189	0.06457324	0.0909586	0.06229017	0.007082595	0.009467722	0.004849053	0.004492799	0.1195734	0.2107806	0.1878671	0.0002492032	0.002669511	0.07813426	0.001706663	0.001647766	0.03429606
9700	-132.356	-167.622	35.2655	0.04286509	0.1031543	0.07883899	0.001642305	0.0007798427	0.007355276	0.00891044	0.2689262	0.0507407	0.01299564	0.001533217	0.001188716	0.0427302	6.738545e-05	0.002913746	0.008667998
9800	-142.419	-174.478	32.059	0.1732338	0.07571654	0.05455096	0.003720258	0.001609882	0.003193471	0.1002348	0.2247561	0.09910404	0.001049482	0.002407223	0.009384031	0.02968413	0.0001776247	0.002639398	0.01217603
9900	-134.391	-168.589	34.1987	0.06681121	0.03742087	0.2166179	0.002192024	0.005221724	0.008461595	0.01078912	0.1779835	0.0202474	0.06663303	0.001009447	0.0008148991	0.05399101	0.0008890517	0.002305465	0.01526387
10000	-133.164	-170.944	37.7805	0.01087289	0.0453709	0.06302882	0.006946598	0.007803777	0.008420322	0.01774632	0.1032904	0.09240803	0.07632154	0.0006219651	0.002745147	0.04764606	0.000350498	0.002898935	0.02108754
