Iteration	Posterior	Likelihood	Prior	r1	r2
0	1.76692	-0.551696	2.31861	0.0004383896	0.1832042
100	3.00009	-0.765045	3.76514	0.0003944596	0.1109219
200	4.40584	-1.27354	5.67938	0.0001280523	0.01547615
300	3.42801	-2.10982	5.53783	0.0003361091	0.02234551
400	4.20127	-1.09668	5.29795	0.0001923117	0.03448317
500	3.66366	-1.65454	5.3182	0.0003194656	0.0333439
600	3.56335	-0.355157	3.91851	0.000171862	0.103476
700	4.16774	-0.343902	4.51165	0.0001163537	0.0738746
800	2.102	-1.2903	3.39229	0.0007570817	0.1292014
900	3.87323	-1.62172	5.49495	0.0002502164	0.02457567
1000	3.66756	-2.02864	5.6962	0.0002636609	0.01449933
1100	-0.573519	-0.777794	0.204276	0.0009418204	0.2884176
1200	4.31056	-1.06009	5.37065	0.0001641137	0.03087654
1300	4.63668	-0.634656	5.27133	8.608609e-05	0.03592055
1400	5.04599	-0.454021	5.50001	1.678934e-06	0.02457093
1500	3.69472	-0.65695	4.35167	0.0002592603	0.08173052
1600	4.13969	-0.15737	4.29706	5.924136e-05	0.08466111
1700	-0.986911	-4.55138	3.56447	0.002504583	0.1188451
1800	3.7034	-0.196585	3.89998	9.530119e-05	0.1044787
1900	1.83922	-0.43906	2.27828	0.0003524105	0.1853068
2000	4.642	-0.793752	5.43576	8.800234e-05	0.02769744
2100	2.22963	-0.134538	2.36417	0.0001058053	0.1812589
2200	3.28325	-0.493942	3.7772	0.0002533784	0.1104601
2300	5.07568	-0.622344	5.69802	3.683751e-06	0.01466855
2400	2.58428	-1.13913	3.72341	0.000596386	0.1128062
2500	0.641376	-3.77344	4.41482	0.001470141	0.0773621
2600	1.62762	-1.18448	2.8121	0.0008269624	0.1581412
2700	3.6509	-0.427218	4.07811	0.0001928266	0.09547475
2800	3.94648	-0.116756	4.06323	5.119619e-05	0.09636034
2900	4.66373	-0.585031	5.24876	7.819409e-05	0.03705691
3000	4.58664	-0.0888028	4.67544	9.090193e-06	0.06579212
3100	2.63767	-1.51301	4.15067	0.0006669074	0.09137274
3200	3.43103	-0.0363151	3.46734	2.062988e-05	0.1261854
3300	3.96537	-0.331551	4.29692	0.0001318519	0.08459543
3400	3.47158	-0.404627	3.87621	0.0001994532	0.1055635
3500	4.96608	-0.599914	5.56599	2.020352e-05	0.02125342
3600	4.5494	-0.735707	5.28511	0.0001079539	0.03520988
3700	3.57649	-1.08364	4.66014	0.000357903	0.06620846
3800	-0.0828766	-0.193754	0.110877	0.0002385083	0.2937909
3900	4.5708	-0.812125	5.38292	0.0001041831	0.0303228
4000	4.21111	-1.52631	5.73742	0.0001615205	0.0125407
4100	4.20537	-0.726143	4.93151	0.0001792431	0.05281838
4200	2.39909	-2.4266	4.82569	0.0007424738	0.05754616
4300	3.22467	-1.01649	4.24115	0.0004285902	0.0870869
4400	1.48767	-0.144137	1.63181	0.0001339863	0.2178488
4500	3.10192	-0.0518043	3.15372	3.279228e-05	0.1418542
4600	-0.316432	-0.973147	0.656716	0.00109034	0.2656471
4700	3.07001	-1.61416	4.68416	0.0005342775	0.06483085
4800	3.72574	-0.119641	3.84538	5.898823e-05	0.1072453
4900	-0.787406	-2.86302	2.07561	0.002399055	0.1933936
5000	4.53236	-1.26442	5.79678	0.0001047134	0.009629562
5100	4.34554	-1.16186	5.50741	0.0001494375	0.02405343
5200	2.53801	-0.719796	3.25781	0.000441336	0.1362414
5300	3.90023	-0.576209	4.47644	0.000209038	0.0755423
5400	3.85263	-0.465325	4.31796	0.0001852461	0.08349023
5500	3.65324	-0.793673	4.44691	0.0002977178	0.07692979
5600	5.04727	-0.566446	5.61372	5.352621e-06	0.01888198
5700	3.35126	-0.729884	4.08114	0.0003307469	0.09518545
5800	4.7112	-0.319813	5.03101	4.309305e-05	0.04797964
5900	3.54844	-0.314358	3.8628	0.0001555751	0.1062777
6000	4.19832	-1.08072	5.27904	0.0001935464	0.0354276
6100	4.87897	-0.276884	5.15585	1.421023e-05	0.04176654
6200	2.59058	-1.55468	4.14526	0.0006869692	0.09162341
6300	2.22596	-0.697648	2.92361	0.0004725704	0.15292
6400	4.29305	-0.625165	4.91822	0.0001512896	0.05351106
6500	4.66198	-0.559274	5.22126	7.687281e-05	0.03843356
6600	2.81697	-1.1421	3.95907	0.0005459992	0.1010736
6700	3.5653	-0.629709	4.19501	0.0002700137	0.08955264
6800	3.27316	-1.44455	4.71771	0.0004651876	0.06322254
6900	2.70105	-2.84508	5.54613	0.0004825618	0.02178419
7000	1.72226	-2.43759	4.15985	0.001070289	0.09051036
7100	4.63383	-0.654066	5.2879	8.750068e-05	0.03509069
7200	4.92178	-0.259116	5.1809	6.154363e-06	0.04052228
7300	3.14137	-1.27541	4.41678	0.0004926188	0.07824141
7400	3.87448	-1.29849	5.17297	0.0002786749	0.0406459
7500	4.17314	-1.1224	5.29554	0.0001991792	0.03459692
7600	0.996177	-0.714764	1.71094	0.000652553	0.2133736
7700	3.57952	-2.01541	5.59493	0.0002953801	0.0195313
7800	1.6672	-0.90185	2.56905	0.0006723332	0.1704486
7900	2.97457	-0.323216	3.29778	0.0001958024	0.1344883
8000	3.80491	-0.978455	4.78337	0.0002916997	0.06011312
8100	4.07206	-1.6634	5.73546	0.00018656	0.01261369
8200	4.16776	-0.194418	4.36218	7.064952e-05	0.08139353
8300	4.12963	-0.201382	4.33101	7.548191e-05	0.08294708
8400	1.01796	-2.08699	3.10495	0.001337145	0.1429888
8500	4.69916	-0.604639	5.3038	7.236844e-05	0.03431098
8600	-0.124635	-1.16254	1.03791	0.001214308	0.2464636
8700	1.94683	-0.440752	2.38758	0.000344404	0.1798496
8800	2.67532	-1.89969	4.57501	0.0006758726	0.07014686
8900	3.91023	-0.706804	4.61704	0.0002343257	0.06848705
9000	3.51288	-0.533904	4.04678	0.0002450918	0.09698903
9100	4.41827	-0.317078	4.73535	8.11824e-05	0.06272474
9200	4.38277	-0.476286	4.85906	0.0001155143	0.05650472
9300	3.46587	-0.799066	4.26494	0.0003319318	0.08599429
9400	2.16755	-3.00309	5.17064	0.0007225639	0.0403186
9500	0.828568	-1.66201	2.49058	0.001262305	0.1737821
9600	4.52832	-0.266591	4.79491	5.729825e-05	0.05977061
9700	3.2326	-0.439581	3.67218	0.0002344791	0.1157297
9800	1.88832	-2.24368	4.132	0.0009973227	0.09197575
9900	3.93694	-0.17066	4.1076	7.411064e-05	0.094119
10000	3.994	-1.69598	5.68998	0.0002040322	0.0148704
