Iteration	Posterior	Likelihood	Prior	r1	r2
0	-8.65461	-14.4557	5.80107	0.0006826113	0.008836984
100	-7.59669	-13.221	5.62434	0.0001672701	0.01818877
200	-14.0771	-16.4041	2.32708	0.004751535	0.1784679
300	-8.21427	-13.7383	5.524	0.0006429951	0.02273025
400	-9.84056	-14.7703	4.92971	0.001062852	0.05202466
500	-8.58858	-13.8446	5.25601	0.0004281462	0.0363444
600	-10.3587	-15.0548	4.69613	0.0006226452	0.06414429
700	-8.06027	-13.5088	5.44852	0.0004527338	0.02669453
800	-7.8826	-13.5794	5.69675	0.0005027155	0.01423286
900	-9.94953	-15.1715	5.22192	0.001350698	0.03712639
1000	-11.3722	-16.9799	5.60775	0.001708471	0.01747745
1100	-8.36227	-13.7471	5.3848	0.000564295	0.02976874
1200	-9.19259	-14.2943	5.10175	0.0007174729	0.04376813
1300	-7.67287	-13.3751	5.70227	0.0003910467	0.0140685
1400	-9.32887	-14.4707	5.14181	0.0009146004	0.04156828
1500	-13.6868	-17.7095	4.02274	0.004173294	0.0942627
1600	-8.30684	-14.1033	5.79646	6.027577e-05	0.009689924
1700	-14.0814	-16.597	2.51569	0.0048882	0.1689006
1800	-8.10634	-13.5193	5.41296	0.000394053	0.02853134
1900	-9.69831	-15.0646	5.3663	0.001255476	0.03000275
2000	-8.12937	-13.6025	5.47315	0.0001215544	0.02579422
2100	-8.85002	-13.9474	5.09743	7.188025e-05	0.04462993
2200	-7.66648	-13.2676	5.60116	0.0003820346	0.01913332
2300	-8.17149	-13.856	5.68448	0.0006324193	0.01471675
2400	-8.04584	-13.7161	5.6703	0.0005873975	0.01547075
2500	-8.26593	-13.6197	5.35379	0.0002636502	0.03162021
2600	-8.68582	-14.144	5.45821	5.444356e-05	0.0266084
2700	-8.05731	-13.7896	5.73225	0.0005498918	0.01241063
2800	-7.63069	-13.3422	5.71148	0.0001354183	0.01386371
2900	-7.81098	-13.3126	5.50157	0.0003289345	0.0241656
3000	-8.45965	-13.8258	5.36614	0.0001208336	0.03114536
3100	-8.07649	-13.4897	5.41319	0.0002552956	0.02865859
3200	-8.35024	-13.7584	5.40817	0.0005969163	0.0285677
3300	-9.22766	-14.395	5.16735	0.0008684941	0.04033744
3400	-9.28588	-14.4168	5.13088	0.0008634115	0.04216601
3500	-12.9042	-17.5341	4.62988	0.003174204	0.06490504
3600	-9.27433	-15.2314	5.95712	0.0004982865	0.001218747
3700	-9.54637	-15.4682	5.92185	0.0007644317	0.002716345
3800	-12.2513	-15.8781	3.62689	0.002709379	0.1155194
3900	-10.3257	-15.0041	4.67837	0.0009246899	0.06472992
4000	-8.37191	-13.9624	5.59047	0.0007343888	0.01931547
4100	-10.2069	-14.9329	4.72602	0.0007707168	0.06250145
4200	-10.3216	-15.2793	4.95775	0.001497669	0.05018824
4300	-7.59342	-13.3044	5.71097	0.0001500517	0.01387459
4400	-7.62707	-13.2247	5.59765	0.0003444804	0.01934643
4500	-9.13713	-14.1653	5.0282	0.0003447108	0.04781833
4600	-8.69448	-13.9187	5.22423	0.0004624854	0.03789949
4700	-9.67312	-14.5504	4.87729	0.0003102595	0.05539846
4800	-7.68259	-13.2426	5.56005	0.0001946876	0.02137606
4900	-8.62575	-14.0051	5.37938	0.0007326211	0.02987148
5000	-7.70171	-13.4719	5.77021	0.0001561921	0.0109063
5100	-10.9887	-15.5817	4.59297	0.001844784	0.06808007
5200	-7.73324	-13.2765	5.54326	0.0003574628	0.02205273
5300	-11.0534	-15.7855	4.73218	0.001956908	0.0610073
5400	-9.61923	-14.771	5.15176	0.001131968	0.04085303
5500	-10.5988	-15.1846	4.58572	0.0008241984	0.069463
5600	-8.78694	-13.9334	5.14648	0.0001000693	0.04214896
5700	-8.52194	-13.8802	5.35827	0.0006345492	0.03102497
5800	-8.706	-13.9301	5.22408	0.0001128113	0.03825648
5900	-10.1418	-15.2844	5.14258	0.001438079	0.04100617
6000	-7.55391	-13.2014	5.64753	0.0003162407	0.01688059
6100	-9.1107	-14.3773	5.2666	7.401985e-06	0.03623605
6200	-9.18737	-14.2111	5.02371	0.0004173568	0.04797017
6300	-8.71397	-13.9199	5.20597	0.0001213735	0.03915331
6400	-10.879	-15.7922	4.91318	0.001853462	0.05206053
6500	-7.57093	-13.1862	5.61523	0.0001956037	0.01861599
6600	-7.65846	-13.3084	5.64993	0.0003984296	0.01667839
6700	-12.9871	-15.6961	2.709	0.002367775	0.1617555
6800	-10.4121	-15.0562	4.64413	0.0009266662	0.0664402
6900	-12.1107	-15.6139	3.50317	0.002101978	0.1223128
7000	-9.86832	-15.5375	5.66915	0.00121405	0.01490163
7100	-9.48843	-14.6749	5.18647	0.001073265	0.03917626
7200	-8.78377	-13.9297	5.14592	0.0001153043	0.04216182
7300	-7.54004	-13.2446	5.70452	0.0002862573	0.01406103
7400	-9.00717	-14.2758	5.26865	2.293952e-05	0.03611767
7500	-8.05878	-13.7226	5.66378	0.0005951959	0.01578921
7600	-7.50582	-13.1838	5.67799	0.0002504103	0.01542333
7700	-10.4238	-15.3098	4.88598	0.001537211	0.05373719
7800	-10.8842	-16.2156	5.33137	0.001743272	0.03126148
7900	-11.3273	-15.5684	4.24118	0.001918436	0.08559589
8000	-9.88933	-14.7404	4.85109	0.0009003943	0.05611817
8100	-11.4737	-15.474	4.00023	0.001509614	0.09805236
8200	-8.22568	-13.6975	5.47187	0.0006044348	0.02537516
8300	-9.16511	-15.1	5.93491	0.0003831936	0.002444408
8400	-8.17502	-13.656	5.48097	0.000584909	0.02493972
8500	-8.8353	-14.2428	5.40754	0.0008725619	0.02832352
8600	-12.6398	-17.0907	4.45089	4.045796e-05	0.07698807
8700	-7.86468	-13.6065	5.74178	0.0004531758	0.01203125
8800	-11.4482	-15.7024	4.25424	0.002106839	0.08475452
8900	-9.3478	-14.5066	5.15875	0.0009501128	0.04068556
9000	-9.27377	-14.2266	4.95278	0.0001344847	0.05179973
9100	-8.37449	-13.7797	5.40517	0.0006086354	0.02870591
9200	-8.91503	-14.4027	5.48765	0.0009439395	0.02424693
9300	-9.47012	-14.7465	5.27633	0.001119803	0.03463682
9400	-7.56625	-13.3056	5.73932	0.0002364397	0.01237074
9500	-7.53832	-13.2384	5.70009	0.000179164	0.01438965
9600	-7.63257	-13.3169	5.6843	0.0001319638	0.01522606
9700	-9.26495	-14.387	5.12206	0.0008305877	0.04263984
9800	-7.77595	-13.3053	5.52933	0.0003711048	0.02273561
9900	-9.37082	-14.4855	5.11465	0.0009119285	0.0429286
10000	-8.01382	-13.6291	5.6153	0.0005811753	0.0182273
